2024-07-30 19:08:13 : Constructed KG finished.
2024-07-30 19:08:13 : n_users:            16239
2024-07-30 19:08:13 : n_items:            14284
2024-07-30 19:08:13 : n_entities:         14853
2024-07-30 19:08:13 : n_users_entities:   31092
2024-07-30 19:08:13 : n_relations:        10
2024-07-30 19:08:13 : n_cf_train:         159913
2024-07-30 19:08:13 : n_cf_test:          20898
2024-07-30 19:08:13 : n_kg_train:         899308
2024-07-30 19:08:13 : n_kg_test:          621278
2024-07-30 19:08:24 : Data initialization done
2024-07-30 19:08:26 : Constructed KG finished.
2024-07-30 19:08:26 : n_users:            16239
2024-07-30 19:08:26 : n_items:            14284
2024-07-30 19:08:26 : n_entities:         14853
2024-07-30 19:08:26 : n_users_entities:   31092
2024-07-30 19:08:26 : n_relations:        10
2024-07-30 19:08:26 : n_cf_train:         159913
2024-07-30 19:08:26 : n_cf_test:          20898
2024-07-30 19:08:26 : n_kg_train:         899308
2024-07-30 19:08:26 : n_kg_test:          621278
2024-07-30 19:08:32 : Data initialization done
2024-07-30 19:18:43 : Constructed KG finished.
2024-07-30 19:18:43 : n_users:            16239
2024-07-30 19:18:43 : n_items:            14284
2024-07-30 19:18:43 : n_entities:         14853
2024-07-30 19:18:43 : n_users_entities:   31092
2024-07-30 19:18:43 : n_relations:        10
2024-07-30 19:18:43 : n_cf_train:         159913
2024-07-30 19:18:43 : n_cf_test:          20898
2024-07-30 19:18:43 : n_kg_train:         899308
2024-07-30 19:18:43 : n_kg_test:          621278
2024-07-30 19:18:54 : Data initialization done
2024-07-30 19:18:56 : Constructed KG finished.
2024-07-30 19:18:56 : n_users:            16239
2024-07-30 19:18:56 : n_items:            14284
2024-07-30 19:18:56 : n_entities:         14853
2024-07-30 19:18:56 : n_users_entities:   31092
2024-07-30 19:18:56 : n_relations:        10
2024-07-30 19:18:56 : n_cf_train:         159913
2024-07-30 19:18:56 : n_cf_test:          20898
2024-07-30 19:18:56 : n_kg_train:         899308
2024-07-30 19:18:56 : n_kg_test:          621278
2024-07-30 19:19:02 : Data initialization done
