2024-07-20 20:34:30 : Constructed KG finished.
2024-07-20 20:34:30 : n_users:            13367
2024-07-20 20:34:30 : n_items:            12677
2024-07-20 20:34:30 : n_entities:         24228
2024-07-20 20:34:30 : n_users_entities:   37595
2024-07-20 20:34:30 : n_relations:        12
2024-07-20 20:34:30 : n_cf_train:         855123
2024-07-20 20:34:30 : n_cf_test:          196893
2024-07-20 20:34:30 : n_kg_train:         3003542
2024-07-20 20:34:30 : n_kg_test:          1687082
2024-07-20 20:34:53 : Data initialization done
2024-07-20 20:39:10 : Action: 5
2024-07-20 20:39:10 : Val acc: 0.67050  reward: 0.50000
2024-07-20 20:39:10 : -----------------------------------------------------------------------
2024-07-20 20:41:51 : Action: 4
2024-07-20 20:41:51 : Val acc: 0.69868  reward: 0.14092
2024-07-20 20:41:51 : -----------------------------------------------------------------------
2024-07-20 20:41:51 : Action: 4
2024-07-20 20:41:51 : Val acc: 0.69868  reward: 0.00000
2024-07-20 20:41:51 : -----------------------------------------------------------------------
2024-07-20 20:42:59 : Action: 5
2024-07-20 20:42:59 : Val acc: 0.69868  reward: 0.00000
2024-07-20 20:42:59 : -----------------------------------------------------------------------
2024-07-20 20:42:59 : Action: 4
2024-07-20 20:42:59 : Val acc: 0.69868  reward: 0.50000
2024-07-20 20:42:59 : -----------------------------------------------------------------------
2024-07-20 20:44:08 : Action: 5
2024-07-20 20:44:08 : Val acc: 0.69868  reward: 0.00000
2024-07-20 20:44:08 : -----------------------------------------------------------------------
2024-07-20 20:45:16 : Action: 0
2024-07-20 20:45:16 : Val acc: 0.69868  reward: 0.00000
2024-07-20 20:45:16 : -----------------------------------------------------------------------
2024-07-20 20:47:11 : Action: 7
2024-07-20 20:47:11 : Val acc: 0.68772  reward: -0.05481
2024-07-20 20:47:11 : -----------------------------------------------------------------------
2024-07-20 20:47:11 : Action: 4
2024-07-20 20:47:11 : Val acc: 0.69868  reward: 0.50000
2024-07-20 20:47:11 : -----------------------------------------------------------------------
2024-07-20 20:48:20 : Action: 5
2024-07-20 20:48:20 : Val acc: 0.69868  reward: 0.00000
2024-07-20 20:48:20 : -----------------------------------------------------------------------
2024-07-20 20:48:20 : Action: 4
2024-07-20 20:48:20 : Val acc: 0.69868  reward: 0.00000
2024-07-20 20:48:20 : -----------------------------------------------------------------------
2024-07-20 20:51:18 : Action: 2
2024-07-20 20:51:18 : Val acc: 0.69423  reward: -0.02226
2024-07-20 20:51:18 : -----------------------------------------------------------------------
2024-07-20 20:51:18 : Action: 4
2024-07-20 20:51:18 : Val acc: 0.69868  reward: 0.50000
2024-07-20 20:51:18 : -----------------------------------------------------------------------
2024-07-20 20:52:27 : Action: 5
2024-07-20 20:52:27 : Val acc: 0.69868  reward: 0.00000
2024-07-20 20:52:27 : -----------------------------------------------------------------------
2024-07-20 20:52:27 : Action: 4
2024-07-20 20:52:27 : Val acc: 0.69868  reward: 0.00000
2024-07-20 20:52:27 : -----------------------------------------------------------------------
2024-07-20 20:53:36 : Action: 2
2024-07-20 20:53:36 : Val acc: 0.69423  reward: -0.02226
2024-07-20 20:53:36 : -----------------------------------------------------------------------
2024-07-20 20:55:07 : Action: 7
2024-07-20 20:55:07 : Val acc: 0.68713  reward: 0.50000
2024-07-20 20:55:07 : -----------------------------------------------------------------------
2024-07-20 20:58:58 : Action: 3
2024-07-20 20:58:58 : Val acc: 0.68557  reward: -0.00779
2024-07-20 20:58:58 : -----------------------------------------------------------------------
2024-07-20 20:58:58 : Action: 3
2024-07-20 20:58:58 : Val acc: 0.68557  reward: 0.00000
2024-07-20 20:58:58 : -----------------------------------------------------------------------
2024-07-20 21:02:00 : Action: 5
2024-07-20 21:02:00 : Val acc: 0.68976  reward: 0.02095
2024-07-20 21:02:00 : -----------------------------------------------------------------------
2024-07-20 21:02:00 : Action: 4
2024-07-20 21:02:00 : Val acc: 0.69868  reward: 0.50000
2024-07-20 21:02:00 : -----------------------------------------------------------------------
2024-07-20 21:04:11 : Action: 6
2024-07-20 21:04:11 : Val acc: 0.69868  reward: 0.00000
2024-07-20 21:04:11 : -----------------------------------------------------------------------
2024-07-20 21:05:19 : Action: 6
2024-07-20 21:05:19 : Val acc: 0.69868  reward: 0.00000
2024-07-20 21:05:19 : -----------------------------------------------------------------------
2024-07-20 21:06:57 : Action: 3
2024-07-20 21:06:57 : Val acc: 0.68887  reward: -0.04906
2024-07-20 21:06:57 : -----------------------------------------------------------------------
2024-07-20 21:06:57 : Action: 4
2024-07-20 21:06:57 : Val acc: 0.69868  reward: 0.50000
2024-07-20 21:06:57 : -----------------------------------------------------------------------
2024-07-20 21:06:57 : Action: 7
2024-07-20 21:06:57 : Val acc: 0.68772  reward: -0.05481
2024-07-20 21:06:57 : -----------------------------------------------------------------------
2024-07-20 21:08:47 : Action: 3
2024-07-20 21:08:47 : Val acc: 0.69026  reward: 0.01271
2024-07-20 21:08:47 : -----------------------------------------------------------------------
2024-07-20 21:08:47 : Action: 3
2024-07-20 21:08:47 : Val acc: 0.69026  reward: 0.00000
2024-07-20 21:08:47 : -----------------------------------------------------------------------
2024-07-20 21:09:50 : Action: 5
2024-07-20 21:09:50 : Val acc: 0.67050  reward: 0.50000
2024-07-20 21:09:50 : -----------------------------------------------------------------------
2024-07-20 21:09:50 : Action: 4
2024-07-20 21:09:50 : Val acc: 0.69868  reward: 0.14092
2024-07-20 21:09:50 : -----------------------------------------------------------------------
2024-07-20 21:09:50 : Action: 3
2024-07-20 21:09:50 : Val acc: 0.68887  reward: -0.04906
2024-07-20 21:09:50 : -----------------------------------------------------------------------
2024-07-20 21:11:28 : Action: 2
2024-07-20 21:11:28 : Val acc: 0.69675  reward: 0.03943
2024-07-20 21:11:28 : -----------------------------------------------------------------------
2024-07-20 21:11:28 : Action: 4
2024-07-20 21:11:28 : Val acc: 0.69868  reward: 0.50000
2024-07-20 21:11:28 : -----------------------------------------------------------------------
2024-07-20 21:11:28 : Action: 7
2024-07-20 21:11:28 : Val acc: 0.68772  reward: -0.05481
2024-07-20 21:11:28 : -----------------------------------------------------------------------
2024-07-20 21:11:28 : Action: 3
2024-07-20 21:11:28 : Val acc: 0.69026  reward: 0.01271
2024-07-20 21:11:28 : -----------------------------------------------------------------------
2024-07-20 21:14:46 : Action: 2
2024-07-20 21:14:46 : Val acc: 0.69778  reward: 0.03761
2024-07-20 21:14:46 : -----------------------------------------------------------------------
2024-07-20 21:14:46 : Action: 4
2024-07-20 21:14:46 : Val acc: 0.69868  reward: 0.50000
2024-07-20 21:14:46 : -----------------------------------------------------------------------
2024-07-20 21:14:46 : Action: 7
2024-07-20 21:14:46 : Val acc: 0.68772  reward: -0.05481
2024-07-20 21:14:46 : -----------------------------------------------------------------------
2024-07-20 21:14:46 : Action: 3
2024-07-20 21:14:46 : Val acc: 0.69026  reward: 0.01271
2024-07-20 21:14:46 : -----------------------------------------------------------------------
2024-07-20 21:16:16 : Action: 2
2024-07-20 21:16:16 : Val acc: 0.69778  reward: 0.03761
2024-07-20 21:16:16 : -----------------------------------------------------------------------
2024-07-20 21:16:16 : Action: 4
2024-07-20 21:16:16 : Val acc: 0.69868  reward: 0.50000
2024-07-20 21:16:16 : -----------------------------------------------------------------------
2024-07-20 21:16:16 : Action: 7
2024-07-20 21:16:16 : Val acc: 0.68772  reward: -0.05481
2024-07-20 21:16:16 : -----------------------------------------------------------------------
2024-07-20 21:19:06 : Action: 6
2024-07-20 21:19:06 : Val acc: 0.70092  reward: 0.06604
2024-07-20 21:19:06 : -----------------------------------------------------------------------
2024-07-20 21:21:47 : Action: 2
2024-07-20 21:21:47 : Val acc: 0.70063  reward: -0.00149
2024-07-20 21:21:47 : -----------------------------------------------------------------------
2024-07-20 21:21:47 : Action: 4
2024-07-20 21:21:47 : Val acc: 0.69868  reward: 0.50000
2024-07-20 21:21:47 : -----------------------------------------------------------------------
2024-07-20 21:21:47 : Action: 7
2024-07-20 21:21:47 : Val acc: 0.68772  reward: -0.05481
2024-07-20 21:21:47 : -----------------------------------------------------------------------
2024-07-20 21:23:30 : Action: 2
2024-07-20 21:23:30 : Val acc: 0.69907  reward: 0.05678
2024-07-20 21:23:30 : -----------------------------------------------------------------------
2024-07-20 21:26:03 : Action: 2
2024-07-20 21:26:03 : Val acc: 0.69662  reward: -0.01229
2024-07-20 21:26:03 : -----------------------------------------------------------------------
2024-07-20 21:26:03 : Action: 4
2024-07-20 21:26:03 : Val acc: 0.69868  reward: 0.50000
2024-07-20 21:26:03 : -----------------------------------------------------------------------
2024-07-20 21:26:03 : Action: 7
2024-07-20 21:26:03 : Val acc: 0.68772  reward: -0.05481
2024-07-20 21:26:03 : -----------------------------------------------------------------------
2024-07-20 21:27:21 : Action: 2
2024-07-20 21:27:21 : Val acc: 0.69907  reward: 0.05678
2024-07-20 21:27:21 : -----------------------------------------------------------------------
2024-07-20 21:28:46 : Action: 2
2024-07-20 21:28:46 : Val acc: 0.69662  reward: -0.01229
2024-07-20 21:28:46 : -----------------------------------------------------------------------
2024-07-20 21:28:46 : Action: 7
2024-07-20 21:28:46 : Val acc: 0.68713  reward: 0.50000
2024-07-20 21:28:46 : -----------------------------------------------------------------------
2024-07-20 21:30:22 : Action: 2
2024-07-20 21:30:22 : Val acc: 0.69464  reward: 0.03755
2024-07-20 21:30:22 : -----------------------------------------------------------------------
2024-07-20 21:32:04 : Action: 2
2024-07-20 21:32:04 : Val acc: 0.69634  reward: 0.00847
2024-07-20 21:32:04 : -----------------------------------------------------------------------
2024-07-20 21:33:22 : Action: 2
2024-07-20 21:33:22 : Val acc: 0.69634  reward: 0.00000
2024-07-20 21:33:22 : -----------------------------------------------------------------------
2024-07-20 21:33:22 : Action: 4
2024-07-20 21:33:22 : Val acc: 0.69868  reward: 0.50000
2024-07-20 21:33:22 : -----------------------------------------------------------------------
2024-07-20 21:33:22 : Action: 3
2024-07-20 21:33:22 : Val acc: 0.68887  reward: -0.04906
2024-07-20 21:33:22 : -----------------------------------------------------------------------
2024-07-20 21:35:06 : Action: 7
2024-07-20 21:35:06 : Val acc: 0.70672  reward: 0.08926
2024-07-20 21:35:06 : -----------------------------------------------------------------------
2024-07-20 21:36:54 : Action: 2
2024-07-20 21:36:54 : Val acc: 0.70863  reward: 0.00957
2024-07-20 21:36:54 : -----------------------------------------------------------------------
2024-07-20 21:36:54 : Action: 4
2024-07-20 21:36:54 : Val acc: 0.69868  reward: 0.50000
2024-07-20 21:36:54 : -----------------------------------------------------------------------
2024-07-20 21:36:54 : Action: 3
2024-07-20 21:36:54 : Val acc: 0.68887  reward: -0.04906
2024-07-20 21:36:54 : -----------------------------------------------------------------------
2024-07-20 21:36:54 : Action: 7
2024-07-20 21:36:54 : Val acc: 0.70672  reward: 0.08926
2024-07-20 21:36:54 : -----------------------------------------------------------------------
2024-07-20 21:38:19 : Action: 2
2024-07-20 21:38:19 : Val acc: 0.70863  reward: 0.00957
2024-07-20 21:38:19 : -----------------------------------------------------------------------
2024-07-20 21:38:19 : Action: 4
2024-07-20 21:38:19 : Val acc: 0.69868  reward: 0.50000
2024-07-20 21:38:19 : -----------------------------------------------------------------------
2024-07-20 21:38:19 : Action: 3
2024-07-20 21:38:19 : Val acc: 0.68887  reward: -0.04906
2024-07-20 21:38:19 : -----------------------------------------------------------------------
2024-07-20 21:38:19 : Action: 4
2024-07-20 21:38:19 : Val acc: 0.68887  reward: 0.00000
2024-07-20 21:38:19 : -----------------------------------------------------------------------
2024-07-20 21:38:19 : Action: 7
2024-07-20 21:38:19 : Val acc: 0.70672  reward: 0.08926
2024-07-20 21:38:19 : -----------------------------------------------------------------------
2024-07-20 21:38:20 : Action: 4
2024-07-20 21:38:20 : Val acc: 0.69868  reward: 0.50000
2024-07-20 21:38:20 : -----------------------------------------------------------------------
2024-07-20 21:39:28 : Action: 1
2024-07-20 21:39:28 : Val acc: 0.69423  reward: -0.02226
2024-07-20 21:39:28 : -----------------------------------------------------------------------
2024-07-20 21:40:36 : Action: 2
2024-07-20 21:40:36 : Val acc: 0.69868  reward: 0.02226
2024-07-20 21:40:36 : -----------------------------------------------------------------------
2024-07-20 21:41:45 : Action: 6
2024-07-20 21:41:45 : Val acc: 0.69868  reward: 0.00000
2024-07-20 21:41:45 : -----------------------------------------------------------------------
2024-07-20 21:42:47 : Action: 0
2024-07-20 21:42:47 : Val acc: 0.67050  reward: 0.00000
2024-07-20 21:42:47 : -----------------------------------------------------------------------
2024-07-20 21:43:50 : Action: 2
2024-07-20 21:43:50 : Val acc: 0.67050  reward: 0.00000
2024-07-20 21:43:50 : -----------------------------------------------------------------------
2024-07-20 21:43:50 : Action: 4
2024-07-20 21:43:50 : Val acc: 0.69868  reward: 0.14092
2024-07-20 21:43:50 : -----------------------------------------------------------------------
2024-07-20 21:43:50 : Action: 3
2024-07-20 21:43:50 : Val acc: 0.68887  reward: -0.04906
2024-07-20 21:43:50 : -----------------------------------------------------------------------
2024-07-20 21:43:50 : Action: 4
2024-07-20 21:43:50 : Val acc: 0.69868  reward: 0.50000
2024-07-20 21:43:50 : -----------------------------------------------------------------------
2024-07-20 21:43:50 : Action: 3
2024-07-20 21:43:50 : Val acc: 0.68887  reward: -0.04906
2024-07-20 21:43:50 : -----------------------------------------------------------------------
2024-07-20 21:45:05 : Action: 5
2024-07-20 21:45:05 : Val acc: 0.68887  reward: 0.00000
2024-07-20 21:45:05 : -----------------------------------------------------------------------
2024-07-20 21:45:05 : Action: 4
2024-07-20 21:45:05 : Val acc: 0.68887  reward: 0.00000
2024-07-20 21:45:05 : -----------------------------------------------------------------------
2024-07-20 21:47:31 : Action: 4
2024-07-20 21:47:31 : Val acc: 0.70897  reward: 0.50000
2024-07-20 21:47:31 : -----------------------------------------------------------------------
2024-07-20 21:49:04 : Action: 4
2024-07-20 21:49:04 : Val acc: 0.70761  reward: -0.00676
2024-07-20 21:49:04 : -----------------------------------------------------------------------
2024-07-20 21:49:04 : Action: 4
2024-07-20 21:49:04 : Val acc: 0.70761  reward: 0.00000
2024-07-20 21:49:04 : -----------------------------------------------------------------------
2024-07-20 21:53:04 : Action: 5
2024-07-20 21:53:04 : Val acc: 0.71215  reward: 0.02270
2024-07-20 21:53:04 : -----------------------------------------------------------------------
2024-07-20 21:53:04 : Action: 4
2024-07-20 21:53:04 : Val acc: 0.70897  reward: 0.50000
2024-07-20 21:53:04 : -----------------------------------------------------------------------
2024-07-20 21:54:47 : Action: 5
2024-07-20 21:54:47 : Val acc: 0.70288  reward: -0.03042
2024-07-20 21:54:47 : -----------------------------------------------------------------------
2024-07-20 21:57:56 : Action: 4
2024-07-20 21:57:56 : Val acc: 0.69293  reward: -0.04976
2024-07-20 21:57:56 : -----------------------------------------------------------------------
2024-07-20 21:57:56 : Action: 4
2024-07-20 21:57:56 : Val acc: 0.69293  reward: 0.00000
2024-07-20 21:57:56 : -----------------------------------------------------------------------
2024-07-20 21:59:27 : Action: 5
2024-07-20 21:59:27 : Val acc: 0.69534  reward: 0.50000
2024-07-20 21:59:27 : -----------------------------------------------------------------------
2024-07-20 22:01:11 : Action: 4
2024-07-20 22:01:11 : Val acc: 0.69281  reward: -0.01264
2024-07-20 22:01:11 : -----------------------------------------------------------------------
2024-07-20 22:02:55 : Action: 4
2024-07-20 22:02:55 : Val acc: 0.71245  reward: 0.09822
2024-07-20 22:02:55 : -----------------------------------------------------------------------
2024-07-20 22:02:55 : Action: 4
2024-07-20 22:02:55 : Val acc: 0.71245  reward: 0.00000
2024-07-20 22:02:55 : -----------------------------------------------------------------------
2024-07-20 22:04:04 : Action: 5
2024-07-20 22:04:04 : Val acc: 0.69534  reward: 0.50000
2024-07-20 22:04:04 : -----------------------------------------------------------------------
2024-07-20 22:04:04 : Action: 4
2024-07-20 22:04:04 : Val acc: 0.69281  reward: -0.01264
2024-07-20 22:04:04 : -----------------------------------------------------------------------
2024-07-20 22:06:37 : Action: 2
2024-07-20 22:06:37 : Val acc: 0.69281  reward: 0.00000
2024-07-20 22:06:37 : -----------------------------------------------------------------------
2024-07-20 22:08:42 : Action: 7
2024-07-20 22:08:42 : Val acc: 0.69481  reward: 0.01001
2024-07-20 22:08:42 : -----------------------------------------------------------------------
2024-07-20 22:11:45 : Action: 3
2024-07-20 22:11:45 : Val acc: 0.70628  reward: 0.50000
2024-07-20 22:11:45 : -----------------------------------------------------------------------
2024-07-20 22:13:23 : Action: 3
2024-07-20 22:13:23 : Val acc: 0.70154  reward: -0.02369
2024-07-20 22:13:23 : -----------------------------------------------------------------------
2024-07-20 22:13:23 : Action: 3
2024-07-20 22:13:23 : Val acc: 0.70154  reward: 0.00000
2024-07-20 22:13:23 : -----------------------------------------------------------------------
2024-07-20 22:15:11 : Action: 5
2024-07-20 22:15:11 : Val acc: 0.71127  reward: 0.04861
2024-07-20 22:15:11 : -----------------------------------------------------------------------
2024-07-20 22:15:11 : Action: 3
2024-07-20 22:15:11 : Val acc: 0.70628  reward: 0.50000
2024-07-20 22:15:11 : -----------------------------------------------------------------------
2024-07-20 22:16:48 : Action: 5
2024-07-20 22:16:48 : Val acc: 0.70880  reward: 0.01256
2024-07-20 22:16:48 : -----------------------------------------------------------------------
2024-07-20 22:18:15 : Action: 5
2024-07-20 22:18:15 : Val acc: 0.70880  reward: 0.00000
2024-07-20 22:18:15 : -----------------------------------------------------------------------
2024-07-20 22:20:09 : Action: 4
2024-07-20 22:20:09 : Val acc: 0.70773  reward: -0.00534
2024-07-20 22:20:09 : -----------------------------------------------------------------------
2024-07-20 22:20:09 : Action: 3
2024-07-20 22:20:09 : Val acc: 0.70628  reward: 0.50000
2024-07-20 22:20:09 : -----------------------------------------------------------------------
2024-07-20 22:21:24 : Action: 5
2024-07-20 22:21:24 : Val acc: 0.70880  reward: 0.01256
2024-07-20 22:21:24 : -----------------------------------------------------------------------
2024-07-20 22:22:39 : Action: 5
2024-07-20 22:22:39 : Val acc: 0.70880  reward: 0.00000
2024-07-20 22:22:39 : -----------------------------------------------------------------------
2024-07-20 22:24:21 : Action: 7
2024-07-20 22:24:21 : Val acc: 0.71226  reward: 0.01734
2024-07-20 22:24:21 : -----------------------------------------------------------------------
2024-07-20 22:24:21 : Action: 3
2024-07-20 22:24:21 : Val acc: 0.70628  reward: 0.50000
2024-07-20 22:24:21 : -----------------------------------------------------------------------
2024-07-20 22:25:36 : Action: 5
2024-07-20 22:25:36 : Val acc: 0.70880  reward: 0.01256
2024-07-20 22:25:36 : -----------------------------------------------------------------------
2024-07-20 22:27:53 : Action: 6
2024-07-20 22:27:53 : Val acc: 0.70880  reward: 0.00000
2024-07-20 22:27:53 : -----------------------------------------------------------------------
2024-07-20 22:27:53 : Action: 7
2024-07-20 22:27:53 : Val acc: 0.71226  reward: 0.01734
2024-07-20 22:27:53 : -----------------------------------------------------------------------
2024-07-20 22:28:55 : Action: 1
2024-07-20 22:28:55 : Val acc: 0.67050  reward: 0.50000
2024-07-20 22:28:55 : -----------------------------------------------------------------------
2024-07-20 22:30:24 : Action: 7
2024-07-20 22:30:24 : Val acc: 0.71040  reward: 0.19951
2024-07-20 22:30:24 : -----------------------------------------------------------------------
2024-07-20 22:33:16 : Action: 3
2024-07-20 22:33:16 : Val acc: 0.71154  reward: 0.00574
2024-07-20 22:33:16 : -----------------------------------------------------------------------
2024-07-20 22:35:22 : Action: 2
2024-07-20 22:35:22 : Val acc: 0.71154  reward: 0.00000
2024-07-20 22:35:22 : -----------------------------------------------------------------------
2024-07-20 22:36:24 : Action: 2
2024-07-20 22:36:24 : Val acc: 0.67050  reward: 0.50000
2024-07-20 22:36:24 : -----------------------------------------------------------------------
2024-07-20 22:37:26 : Action: 0
2024-07-20 22:37:26 : Val acc: 0.67050  reward: 0.00000
2024-07-20 22:37:26 : -----------------------------------------------------------------------
2024-07-20 22:37:26 : Action: 7
2024-07-20 22:37:26 : Val acc: 0.71040  reward: 0.19951
2024-07-20 22:37:26 : -----------------------------------------------------------------------
2024-07-20 22:39:09 : Action: 6
2024-07-20 22:39:09 : Val acc: 0.71040  reward: 0.00000
2024-07-20 22:39:09 : -----------------------------------------------------------------------
2024-07-20 22:39:09 : Action: 4
2024-07-20 22:39:09 : Val acc: 0.70897  reward: 0.50000
2024-07-20 22:39:09 : -----------------------------------------------------------------------
2024-07-20 22:40:18 : Action: 2
2024-07-20 22:40:18 : Val acc: 0.70897  reward: 0.00000
2024-07-20 22:40:18 : -----------------------------------------------------------------------
2024-07-20 22:41:27 : Action: 2
2024-07-20 22:41:27 : Val acc: 0.70897  reward: 0.00000
2024-07-20 22:41:27 : -----------------------------------------------------------------------
2024-07-20 22:42:36 : Action: 6
2024-07-20 22:42:36 : Val acc: 0.70897  reward: 0.00000
2024-07-20 22:42:36 : -----------------------------------------------------------------------
2024-07-20 22:43:38 : Action: 2
2024-07-20 22:43:38 : Val acc: 0.67050  reward: 0.50000
2024-07-20 22:43:38 : -----------------------------------------------------------------------
2024-07-20 22:44:46 : Action: 5
2024-07-20 22:44:46 : Val acc: 0.69534  reward: 0.12421
2024-07-20 22:44:46 : -----------------------------------------------------------------------
2024-07-20 22:44:46 : Action: 4
2024-07-20 22:44:46 : Val acc: 0.69281  reward: -0.01264
2024-07-20 22:44:46 : -----------------------------------------------------------------------
2024-07-20 22:44:46 : Action: 7
2024-07-20 22:44:46 : Val acc: 0.69481  reward: 0.01001
2024-07-20 22:44:46 : -----------------------------------------------------------------------
2024-07-20 22:45:48 : Action: 2
2024-07-20 22:45:48 : Val acc: 0.67050  reward: 0.50000
2024-07-20 22:45:48 : -----------------------------------------------------------------------
2024-07-20 22:45:48 : Action: 3
2024-07-20 22:45:48 : Val acc: 0.70628  reward: 0.17894
2024-07-20 22:45:48 : -----------------------------------------------------------------------
2024-07-20 22:47:02 : Action: 5
2024-07-20 22:47:02 : Val acc: 0.70880  reward: 0.01256
2024-07-20 22:47:02 : -----------------------------------------------------------------------
2024-07-20 22:48:16 : Action: 5
2024-07-20 22:48:16 : Val acc: 0.70880  reward: 0.00000
2024-07-20 22:48:16 : -----------------------------------------------------------------------
2024-07-20 22:49:18 : Action: 6
2024-07-20 22:49:18 : Val acc: 0.67050  reward: 0.50000
2024-07-20 22:49:18 : -----------------------------------------------------------------------
2024-07-20 22:49:18 : Action: 3
2024-07-20 22:49:18 : Val acc: 0.70628  reward: 0.17894
2024-07-20 22:49:18 : -----------------------------------------------------------------------
2024-07-20 22:50:50 : Action: 6
2024-07-20 22:50:50 : Val acc: 0.70379  reward: -0.01245
2024-07-20 22:50:50 : -----------------------------------------------------------------------
2024-07-20 22:52:04 : Action: 5
2024-07-20 22:52:04 : Val acc: 0.70880  reward: 0.02501
2024-07-20 22:52:04 : -----------------------------------------------------------------------
2024-07-20 22:52:04 : Action: 3
2024-07-20 22:52:04 : Val acc: 0.70628  reward: 0.50000
2024-07-20 22:52:04 : -----------------------------------------------------------------------
2024-07-20 22:53:19 : Action: 5
2024-07-20 22:53:19 : Val acc: 0.70880  reward: 0.01256
2024-07-20 22:53:19 : -----------------------------------------------------------------------
2024-07-20 22:53:19 : Action: 7
2024-07-20 22:53:19 : Val acc: 0.71226  reward: 0.01734
2024-07-20 22:53:19 : -----------------------------------------------------------------------
2024-07-20 22:54:37 : Action: 0
2024-07-20 22:54:37 : Val acc: 0.71226  reward: 0.00000
2024-07-20 22:54:37 : -----------------------------------------------------------------------
2024-07-20 22:54:37 : Action: 3
2024-07-20 22:54:37 : Val acc: 0.70628  reward: 0.50000
2024-07-20 22:54:37 : -----------------------------------------------------------------------
2024-07-20 22:56:12 : Action: 7
2024-07-20 22:56:12 : Val acc: 0.70334  reward: -0.01474
2024-07-20 22:56:12 : -----------------------------------------------------------------------
2024-07-20 22:57:47 : Action: 2
2024-07-20 22:57:47 : Val acc: 0.70214  reward: -0.00598
2024-07-20 22:57:47 : -----------------------------------------------------------------------
2024-07-20 22:59:00 : Action: 2
2024-07-20 22:59:00 : Val acc: 0.70214  reward: 0.00000
2024-07-20 22:59:00 : -----------------------------------------------------------------------
2024-07-20 22:59:00 : Action: 3
2024-07-20 22:59:00 : Val acc: 0.70628  reward: 0.50000
2024-07-20 22:59:00 : -----------------------------------------------------------------------
2024-07-20 23:00:14 : Action: 5
2024-07-20 23:00:14 : Val acc: 0.70880  reward: 0.01256
2024-07-20 23:00:14 : -----------------------------------------------------------------------
2024-07-20 23:01:28 : Action: 6
2024-07-20 23:01:28 : Val acc: 0.70880  reward: 0.00000
2024-07-20 23:01:28 : -----------------------------------------------------------------------
2024-07-20 23:01:28 : Action: 7
2024-07-20 23:01:28 : Val acc: 0.71226  reward: 0.01734
2024-07-20 23:01:28 : -----------------------------------------------------------------------
2024-07-20 23:01:28 : Action: 3
2024-07-20 23:01:28 : Val acc: 0.70628  reward: 0.50000
2024-07-20 23:01:28 : -----------------------------------------------------------------------
2024-07-20 23:02:42 : Action: 5
2024-07-20 23:02:42 : Val acc: 0.70880  reward: 0.01256
2024-07-20 23:02:42 : -----------------------------------------------------------------------
2024-07-20 23:03:56 : Action: 0
2024-07-20 23:03:56 : Val acc: 0.70880  reward: 0.00000
2024-07-20 23:03:56 : -----------------------------------------------------------------------
2024-07-20 23:03:56 : Action: 4
2024-07-20 23:03:56 : Val acc: 0.70773  reward: -0.00534
2024-07-20 23:03:56 : -----------------------------------------------------------------------
2024-07-20 23:03:56 : Action: 7
2024-07-20 23:03:56 : Val acc: 0.71040  reward: 0.50000
2024-07-20 23:03:56 : -----------------------------------------------------------------------
2024-07-20 23:06:16 : Action: 4
2024-07-20 23:06:16 : Val acc: 0.70876  reward: -0.00818
2024-07-20 23:06:16 : -----------------------------------------------------------------------
2024-07-20 23:07:58 : Action: 6
2024-07-20 23:07:58 : Val acc: 0.70723  reward: -0.00764
2024-07-20 23:07:58 : -----------------------------------------------------------------------
2024-07-20 23:09:15 : Action: 6
2024-07-20 23:09:15 : Val acc: 0.70723  reward: 0.00000
2024-07-20 23:09:15 : -----------------------------------------------------------------------
2024-07-20 23:09:15 : Action: 3
2024-07-20 23:09:15 : Val acc: 0.70628  reward: 0.50000
2024-07-20 23:09:15 : -----------------------------------------------------------------------
2024-07-20 23:10:29 : Action: 5
2024-07-20 23:10:29 : Val acc: 0.70880  reward: 0.01256
2024-07-20 23:10:29 : -----------------------------------------------------------------------
2024-07-20 23:15:04 : Action: 1
2024-07-20 23:15:04 : Val acc: 0.71638  reward: 0.03791
2024-07-20 23:15:04 : -----------------------------------------------------------------------
2024-07-20 23:16:53 : Action: 7
2024-07-20 23:16:53 : Val acc: 0.71258  reward: -0.01898
2024-07-20 23:16:53 : -----------------------------------------------------------------------
2024-07-20 23:16:53 : Action: 4
2024-07-20 23:16:53 : Val acc: 0.00000  reward: -0.50000
2024-07-20 23:16:53 : -----------------------------------------------------------------------
2024-07-20 23:16:57 : Action: 4
2024-07-20 23:16:57 : Val acc: 0.00000  reward: 0.00000
2024-07-20 23:16:57 : -----------------------------------------------------------------------
2024-07-20 23:17:01 : Action: 3
2024-07-20 23:17:01 : Val acc: 0.00000  reward: 0.00000
2024-07-20 23:17:01 : -----------------------------------------------------------------------
2024-07-20 23:17:06 : Action: 3
2024-07-20 23:17:06 : Val acc: 0.00000  reward: 0.00000
2024-07-20 23:17:06 : -----------------------------------------------------------------------
2024-07-20 23:17:10 : Action: 2
2024-07-20 23:17:10 : Val acc: 0.00000  reward: 0.00000
2024-07-20 23:17:10 : -----------------------------------------------------------------------
2024-07-20 23:17:15 : Action: 7
2024-07-20 23:17:15 : Val acc: 0.00000  reward: 0.00000
2024-07-20 23:17:15 : -----------------------------------------------------------------------
2024-07-20 23:17:20 : Action: 2
2024-07-20 23:17:20 : Val acc: 0.00000  reward: 0.00000
2024-07-20 23:17:20 : -----------------------------------------------------------------------
2024-07-20 23:17:25 : Action: 4
2024-07-20 23:17:25 : Val acc: 0.00000  reward: 0.00000
2024-07-20 23:17:25 : -----------------------------------------------------------------------
2024-07-20 23:43:58 : Constructed KG finished.
2024-07-20 23:43:58 : n_users:            13367
2024-07-20 23:43:58 : n_items:            12677
2024-07-20 23:43:58 : n_entities:         24228
2024-07-20 23:43:58 : n_users_entities:   37595
2024-07-20 23:43:58 : n_relations:        12
2024-07-20 23:43:58 : n_cf_train:         855123
2024-07-20 23:43:58 : n_cf_test:          196893
2024-07-20 23:43:58 : n_kg_train:         3003542
2024-07-20 23:43:58 : n_kg_test:          1687082
2024-07-20 23:44:19 : Data initialization done
2024-08-04 00:31:33 : Constructed KG finished.
2024-08-04 00:31:33 : n_users:            13367
2024-08-04 00:31:33 : n_items:            12677
2024-08-04 00:31:33 : n_entities:         24228
2024-08-04 00:31:33 : n_users_entities:   37595
2024-08-04 00:31:33 : n_relations:        12
2024-08-04 00:31:33 : n_cf_train:         855123
2024-08-04 00:31:33 : n_cf_test:          196893
2024-08-04 00:31:33 : n_kg_train:         3003542
2024-08-04 00:31:33 : n_kg_test:          1687082
2024-08-04 00:32:00 : Data initialization done
2024-08-04 00:37:00 : Action: 5
2024-08-04 00:37:00 : Val acc: 0.66771  reward: 0.50000
2024-08-04 00:37:00 : -----------------------------------------------------------------------
2024-08-04 00:40:12 : Action: 4
2024-08-04 00:40:12 : Val acc: 0.69784  reward: 0.15067
2024-08-04 00:40:12 : -----------------------------------------------------------------------
2024-08-04 00:40:12 : Action: 4
2024-08-04 00:40:12 : Val acc: 0.69784  reward: 0.50000
2024-08-04 00:40:12 : -----------------------------------------------------------------------
2024-08-04 00:41:40 : Action: 5
2024-08-04 00:41:40 : Val acc: 0.69784  reward: 0.00000
2024-08-04 00:41:40 : -----------------------------------------------------------------------
2024-08-04 00:44:42 : Action: 5
2024-08-04 00:44:42 : Val acc: 0.69314  reward: 0.50000
2024-08-04 00:44:42 : -----------------------------------------------------------------------
2024-08-04 00:49:21 : Action: 4
2024-08-04 00:49:21 : Val acc: 0.70536  reward: 0.06113
2024-08-04 00:49:21 : -----------------------------------------------------------------------
2024-08-04 00:51:12 : Action: 4
2024-08-04 00:51:12 : Val acc: 0.69479  reward: 0.50000
2024-08-04 00:51:12 : -----------------------------------------------------------------------
2024-08-04 00:53:04 : Action: 4
2024-08-04 00:53:04 : Val acc: 0.70440  reward: 0.04806
2024-08-04 00:53:04 : -----------------------------------------------------------------------
2024-08-04 00:53:04 : Action: 4
2024-08-04 00:53:04 : Val acc: 0.00000  reward: -0.50000
2024-08-04 00:53:04 : -----------------------------------------------------------------------
2024-08-04 00:53:08 : Action: 4
2024-08-04 00:53:08 : Val acc: 0.00000  reward: 0.00000
2024-08-04 00:53:08 : -----------------------------------------------------------------------
2024-08-04 00:54:44 : Action: 2
2024-08-04 00:54:44 : Val acc: 0.00000  reward: 0.00000
2024-08-04 00:54:44 : -----------------------------------------------------------------------
2024-08-04 00:56:04 : Action: 2
2024-08-04 00:56:04 : Val acc: 0.00000  reward: 0.00000
2024-08-04 00:56:04 : -----------------------------------------------------------------------
2024-08-04 00:56:10 : Constructed KG finished.
2024-08-04 00:56:10 : n_users:            13367
2024-08-04 00:56:10 : n_items:            12677
2024-08-04 00:56:10 : n_entities:         24228
2024-08-04 00:56:10 : n_users_entities:   37595
2024-08-04 00:56:10 : n_relations:        12
2024-08-04 00:56:10 : n_cf_train:         855123
2024-08-04 00:56:10 : n_cf_test:          196893
2024-08-04 00:56:10 : n_kg_train:         3003542
2024-08-04 00:56:10 : n_kg_test:          1687082
2024-08-04 00:56:30 : Data initialization done
2024-08-04 03:44:41 : Constructed KG finished.
2024-08-04 03:46:58 : Constructed KG finished.
2024-08-04 03:48:17 : Constructed KG finished.
2024-08-04 03:49:01 : Constructed KG finished.
2024-08-04 04:25:59 : Constructed KG finished.
2024-08-04 04:33:26 : Constructed KG finished.
2024-08-04 05:29:46 : Constructed KG finished.
2024-08-04 05:32:28 : Constructed KG finished.
2024-08-04 05:35:03 : Constructed KG finished.
2024-08-04 05:35:18 : Constructed KG finished.
2024-08-04 05:35:18 : n_users:            13367
2024-08-04 05:35:18 : n_items:            12677
2024-08-04 05:35:18 : n_entities:         24228
2024-08-04 05:35:18 : n_users_entities:   37595
2024-08-04 05:35:18 : n_relations:        12
2024-08-04 05:35:18 : n_cf_train:         855123
2024-08-04 05:35:18 : n_cf_test:          196893
2024-08-04 05:35:18 : n_kg_train:         3003542
2024-08-04 05:35:18 : n_kg_test:          1687082
2024-08-04 05:39:21 : Constructed KG finished.
2024-08-04 05:39:21 : n_users:            13367
2024-08-04 05:39:21 : n_items:            12677
2024-08-04 05:39:21 : n_entities:         24228
2024-08-04 05:39:21 : n_users_entities:   37595
2024-08-04 05:39:21 : n_relations:        12
2024-08-04 05:39:21 : n_cf_train:         855123
2024-08-04 05:39:21 : n_cf_test:          196893
2024-08-04 05:39:21 : n_kg_train:         3003542
2024-08-04 05:39:21 : n_kg_test:          1687082
2024-08-04 05:39:36 : Data initialization done
2024-08-04 05:44:32 : Action: 5
2024-08-04 05:44:32 : Val acc: 0.69959  reward: 0.50000
2024-08-04 05:44:32 : -----------------------------------------------------------------------
2024-08-04 05:47:40 : Action: 4
2024-08-04 05:47:40 : Val acc: 0.71164  reward: 0.06023
2024-08-04 05:47:40 : -----------------------------------------------------------------------
2024-08-04 05:47:40 : Action: 4
2024-08-04 05:47:40 : Val acc: 0.71164  reward: 0.50000
2024-08-04 05:47:40 : -----------------------------------------------------------------------
2024-08-04 05:49:01 : Action: 5
2024-08-04 05:49:01 : Val acc: 0.71164  reward: 0.00000
2024-08-04 05:49:01 : -----------------------------------------------------------------------
2024-08-04 05:51:58 : Action: 5
2024-08-04 05:51:58 : Val acc: 0.70836  reward: 0.50000
2024-08-04 05:51:58 : -----------------------------------------------------------------------
2024-08-04 05:56:31 : Action: 4
2024-08-04 05:56:31 : Val acc: 0.70462  reward: -0.01874
2024-08-04 05:56:31 : -----------------------------------------------------------------------
2024-08-04 05:58:20 : Action: 4
2024-08-04 05:58:20 : Val acc: 0.70178  reward: 0.50000
2024-08-04 05:58:20 : -----------------------------------------------------------------------
2024-08-04 06:00:10 : Action: 4
2024-08-04 06:00:10 : Val acc: 0.69742  reward: -0.02183
2024-08-04 06:00:10 : -----------------------------------------------------------------------
2024-08-04 06:00:10 : Action: 4
2024-08-04 06:00:10 : Val acc: 0.00000  reward: -0.50000
2024-08-04 06:00:10 : -----------------------------------------------------------------------
2024-08-04 06:00:15 : Action: 4
2024-08-04 06:00:15 : Val acc: 0.00000  reward: 0.00000
2024-08-04 06:00:15 : -----------------------------------------------------------------------
2024-08-04 06:01:50 : Action: 2
2024-08-04 06:01:50 : Val acc: 0.00000  reward: 0.00000
2024-08-04 06:01:50 : -----------------------------------------------------------------------
2024-08-04 06:03:10 : Action: 2
2024-08-04 06:03:10 : Val acc: 0.00000  reward: 0.00000
2024-08-04 06:03:10 : -----------------------------------------------------------------------
2024-08-04 06:03:16 : Constructed KG finished.
2024-08-04 06:03:16 : n_users:            13367
2024-08-04 06:03:16 : n_items:            12677
2024-08-04 06:03:16 : n_entities:         24228
2024-08-04 06:03:16 : n_users_entities:   37595
2024-08-04 06:03:16 : n_relations:        12
2024-08-04 06:03:16 : n_cf_train:         855123
2024-08-04 06:03:16 : n_cf_test:          196893
2024-08-04 06:03:16 : n_kg_train:         3003542
2024-08-04 06:03:16 : n_kg_test:          1687082
2024-08-04 06:03:26 : Data initialization done
