2024-07-20 20:36:55 : Eval Step: 6
2024-07-20 20:39:10 : Action: 5  Val acc: 0.67050  reward: -0.50000
2024-07-20 20:39:10 : Meta-path Set: [[['2', '1']], [['1', '2']]]
2024-07-20 20:39:10 : Eval Step: 4
2024-07-20 20:41:51 : Action: 4  Val acc: 0.69868  reward: 0.14092
2024-07-20 20:41:51 : Meta-path Set: [[['2', '1'], ['2', '4', '9', '1']], [['1', '2']]]
2024-07-20 20:41:51 : Eval Step: 5
2024-07-20 20:41:51 : Action: 4  Val acc: 0.69868  reward: -0.50000
2024-07-20 20:41:51 : Meta-path Set: [[['2', '1'], ['2', '4', '9', '1']], [['1', '2']]]
2024-07-20 20:41:51 : Eval Step: 5
2024-07-20 20:42:59 : Action: 5  Val acc: 0.69868  reward: -0.50000
2024-07-20 20:42:59 : Meta-path Set: [[['2', '1'], ['2', '4', '9', '1']], [['1', '2']]]
2024-07-20 20:42:59 : Generated meta-path set: [[['2', '1'], ['2', '4', '9', '1']], [['1', '2']]]
2024-07-20 20:42:59 : Training User Meta-policy: 1    Val_Acc: 0.69868    Avg_reward: -0.50000    Best_Acc:  0.69868    Best_i: 1 
2024-07-20 20:42:59 : 
2024-07-20 20:42:59 : Eval Step: 4
2024-07-20 20:42:59 : Action: 4  Val acc: 0.69868  reward: 0.50000
2024-07-20 20:42:59 : Meta-path Set: [[['2', '1'], ['2', '4', '9', '1']], [['1', '2']]]
2024-07-20 20:42:59 : Eval Step: 5
2024-07-20 20:44:08 : Action: 5  Val acc: 0.69868  reward: -0.50000
2024-07-20 20:44:08 : Meta-path Set: [[['2', '1'], ['2', '4', '9', '1']], [['1', '2']]]
2024-07-20 20:44:08 : Eval Step: 5
2024-07-20 20:45:16 : Action: 0  Val acc: 0.69868  reward: 0.00000
2024-07-20 20:45:16 : Meta-path Set: [[['2', '1'], ['2', '4', '9', '1']], [['1', '2']]]
2024-07-20 20:45:16 : Eval Step: 5
2024-07-20 20:47:11 : Action: 7  Val acc: 0.68772  reward: -0.05481
2024-07-20 20:47:11 : Meta-path Set: [[['2', '4', '9', '1'], ['2', '1'], ['7'], ['2', '1', '7']], [['1', '2']]]
2024-07-20 20:47:11 : Generated meta-path set: [[['2', '4', '9', '1'], ['2', '1'], ['7'], ['2', '1', '7']], [['1', '2']]]
2024-07-20 20:47:11 : Training User Meta-policy: 2    Val_Acc: 0.68772    Avg_reward: -0.05481    Best_Acc:  0.69868    Best_i: 1 
2024-07-20 20:47:11 : 
2024-07-20 20:47:11 : Eval Step: 4
2024-07-20 20:47:11 : Action: 4  Val acc: 0.69868  reward: 0.50000
2024-07-20 20:47:11 : Meta-path Set: [[['2', '1'], ['2', '4', '9', '1']], [['1', '2']]]
2024-07-20 20:47:11 : Eval Step: 4
2024-07-20 20:48:20 : Action: 5  Val acc: 0.69868  reward: -0.50000
2024-07-20 20:48:20 : Meta-path Set: [[['2', '1'], ['2', '4', '9', '1']], [['1', '2']]]
2024-07-20 20:48:20 : Eval Step: 4
2024-07-20 20:48:20 : Action: 4  Val acc: 0.69868  reward: -0.50000
2024-07-20 20:48:20 : Meta-path Set: [[['2', '1'], ['2', '4', '9', '1']], [['1', '2']]]
2024-07-20 20:48:20 : Eval Step: 4
2024-07-20 20:51:18 : Action: 2  Val acc: 0.69423  reward: -0.50000
2024-07-20 20:51:18 : Meta-path Set: [[['2', '4', '9', '1'], ['2', '1']], [['1', '2']]]
2024-07-20 20:51:18 : Generated meta-path set: [[['2', '4', '9', '1'], ['2', '1']], [['1', '2']]]
2024-07-20 20:51:18 : Training User Meta-policy: 3    Val_Acc: 0.69423    Avg_reward: -0.50000    Best_Acc:  0.69868    Best_i: 1 
2024-07-20 20:51:18 : 
2024-07-20 20:51:18 : Eval Step: 4
2024-07-20 20:51:18 : Action: 4  Val acc: 0.69868  reward: 0.50000
2024-07-20 20:51:18 : Meta-path Set: [[['2', '1'], ['2', '4', '9', '1']], [['1', '2']]]
2024-07-20 20:51:18 : Eval Step: 4
2024-07-20 20:52:27 : Action: 5  Val acc: 0.69868  reward: -0.50000
2024-07-20 20:52:27 : Meta-path Set: [[['2', '1'], ['2', '4', '9', '1']], [['1', '2']]]
2024-07-20 20:52:27 : Eval Step: 4
2024-07-20 20:52:27 : Action: 4  Val acc: 0.69868  reward: -0.50000
2024-07-20 20:52:27 : Meta-path Set: [[['2', '1'], ['2', '4', '9', '1']], [['1', '2']]]
2024-07-20 20:52:27 : Eval Step: 4
2024-07-20 20:53:36 : Action: 2  Val acc: 0.69423  reward: -0.50000
2024-07-20 20:53:36 : Meta-path Set: [[['2', '4', '9', '1'], ['2', '1']], [['1', '2']]]
2024-07-20 20:53:36 : Generated meta-path set: [[['2', '4', '9', '1'], ['2', '1']], [['1', '2']]]
2024-07-20 20:53:36 : Training User Meta-policy: 4    Val_Acc: 0.69423    Avg_reward: -0.50000    Best_Acc:  0.69868    Best_i: 1 
2024-07-20 20:53:36 : 
2024-07-20 20:53:36 : Eval Step: 4
2024-07-20 20:55:07 : Action: 7  Val acc: 0.68713  reward: 0.50000
2024-07-20 20:55:07 : Meta-path Set: [[['7'], ['2', '1'], ['2', '1', '7']], [['1', '2']]]
2024-07-20 20:55:07 : Eval Step: 2
2024-07-20 20:58:58 : Action: 3  Val acc: 0.68557  reward: -0.00779
2024-07-20 20:58:58 : Meta-path Set: [[['2', '1', '7'], ['2', '1'], ['2', '3', '8', '1'], ['7'], ['2', '3', '8', '1', '7']], [['1', '2']]]
2024-07-20 20:58:58 : Eval Step: 2
2024-07-20 20:58:58 : Action: 3  Val acc: 0.68557  reward: -0.50000
2024-07-20 20:58:58 : Meta-path Set: [[['2', '1', '7'], ['2', '1'], ['2', '3', '8', '1'], ['7'], ['2', '3', '8', '1', '7']], [['1', '2']]]
2024-07-20 20:58:58 : Eval Step: 2
2024-07-20 21:02:00 : Action: 5  Val acc: 0.68976  reward: 0.02095
2024-07-20 21:02:00 : Meta-path Set: [[['2', '1', '7'], ['2', '1'], ['2', '5', '10', '1', '7'], ['2', '3', '8', '1'], ['7'], ['2', '3', '8', '1', '7']], [['1', '2']]]
2024-07-20 21:02:00 : Generated meta-path set: [[['2', '1', '7'], ['2', '1'], ['2', '5', '10', '1', '7'], ['2', '3', '8', '1'], ['7'], ['2', '3', '8', '1', '7']], [['1', '2']]]
2024-07-20 21:02:00 : Training User Meta-policy: 5    Val_Acc: 0.68976    Avg_reward: 0.02095    Best_Acc:  0.69868    Best_i: 1 
2024-07-20 21:02:00 : 
2024-07-20 21:02:00 : Eval Step: 4
2024-07-20 21:02:00 : Action: 4  Val acc: 0.69868  reward: 0.50000
2024-07-20 21:02:00 : Meta-path Set: [[['2', '1'], ['2', '4', '9', '1']], [['1', '2']]]
2024-07-20 21:02:00 : Eval Step: 7
2024-07-20 21:04:11 : Action: 6  Val acc: 0.69868  reward: -0.50000
2024-07-20 21:04:11 : Meta-path Set: [[['2', '1'], ['2', '4', '9', '1']], [['1', '2']]]
2024-07-20 21:04:11 : Eval Step: 7
2024-07-20 21:05:19 : Action: 6  Val acc: 0.69868  reward: -0.50000
2024-07-20 21:05:19 : Meta-path Set: [[['2', '1'], ['2', '4', '9', '1']], [['1', '2']]]
2024-07-20 21:05:19 : Eval Step: 7
2024-07-20 21:06:57 : Action: 3  Val acc: 0.68887  reward: -0.04906
2024-07-20 21:06:57 : Meta-path Set: [[['2', '3', '8', '1'], ['2', '1'], ['2', '4', '9', '1']], [['1', '2']]]
2024-07-20 21:06:57 : Generated meta-path set: [[['2', '3', '8', '1'], ['2', '1'], ['2', '4', '9', '1']], [['1', '2']]]
2024-07-20 21:06:57 : Training User Meta-policy: 6    Val_Acc: 0.68887    Avg_reward: -0.04906    Best_Acc:  0.69868    Best_i: 1 
2024-07-20 21:06:57 : 
2024-07-20 21:06:57 : Eval Step: 4
2024-07-20 21:06:57 : Action: 4  Val acc: 0.69868  reward: 0.50000
2024-07-20 21:06:57 : Meta-path Set: [[['2', '1'], ['2', '4', '9', '1']], [['1', '2']]]
2024-07-20 21:06:57 : Eval Step: 7
2024-07-20 21:06:57 : Action: 7  Val acc: 0.68772  reward: -0.05481
2024-07-20 21:06:57 : Meta-path Set: [[['2', '4', '9', '1'], ['2', '1'], ['7'], ['2', '1', '7']], [['1', '2']]]
2024-07-20 21:06:57 : Eval Step: 2
2024-07-20 21:08:47 : Action: 3  Val acc: 0.69026  reward: 0.01271
2024-07-20 21:08:47 : Meta-path Set: [[['2', '1', '7'], ['2', '1'], ['2', '3', '8', '1'], ['7'], ['2', '3', '8', '1', '7'], ['2', '4', '9', '1']], [['1', '2']]]
2024-07-20 21:08:47 : Eval Step: 2
2024-07-20 21:08:47 : Action: 3  Val acc: 0.69026  reward: -0.50000
2024-07-20 21:08:47 : Meta-path Set: [[['2', '1', '7'], ['2', '1'], ['2', '3', '8', '1'], ['7'], ['2', '3', '8', '1', '7'], ['2', '4', '9', '1']], [['1', '2']]]
2024-07-20 21:08:47 : Generated meta-path set: [[['2', '1', '7'], ['2', '1'], ['2', '3', '8', '1'], ['7'], ['2', '3', '8', '1', '7'], ['2', '4', '9', '1']], [['1', '2']]]
2024-07-20 21:08:47 : Training User Meta-policy: 7    Val_Acc: 0.69026    Avg_reward: -0.50000    Best_Acc:  0.69868    Best_i: 1 
2024-07-20 21:08:47 : 
2024-07-20 21:08:47 : Eval Step: 4
2024-07-20 21:09:50 : Action: 5  Val acc: 0.67050  reward: -0.50000
2024-07-20 21:09:50 : Meta-path Set: [[['2', '1']], [['1', '2']]]
2024-07-20 21:09:50 : Eval Step: 4
2024-07-20 21:09:50 : Action: 4  Val acc: 0.69868  reward: 0.14092
2024-07-20 21:09:50 : Meta-path Set: [[['2', '1'], ['2', '4', '9', '1']], [['1', '2']]]
2024-07-20 21:09:50 : Eval Step: 7
2024-07-20 21:09:50 : Action: 3  Val acc: 0.68887  reward: -0.04906
2024-07-20 21:09:50 : Meta-path Set: [[['2', '3', '8', '1'], ['2', '1'], ['2', '4', '9', '1']], [['1', '2']]]
2024-07-20 21:09:50 : Eval Step: 7
2024-07-20 21:11:28 : Action: 2  Val acc: 0.69675  reward: -0.50000
2024-07-20 21:11:28 : Meta-path Set: [[['2', '3', '8', '1'], ['2', '4', '9', '1'], ['2', '1']], [['1', '2']]]
2024-07-20 21:11:28 : Generated meta-path set: [[['2', '3', '8', '1'], ['2', '4', '9', '1'], ['2', '1']], [['1', '2']]]
2024-07-20 21:11:28 : Training User Meta-policy: 8    Val_Acc: 0.69675    Avg_reward: -0.50000    Best_Acc:  0.69868    Best_i: 1 
2024-07-20 21:11:28 : 
2024-07-20 21:11:28 : Eval Step: 4
2024-07-20 21:11:28 : Action: 4  Val acc: 0.69868  reward: 0.50000
2024-07-20 21:11:28 : Meta-path Set: [[['2', '1'], ['2', '4', '9', '1']], [['1', '2']]]
2024-07-20 21:11:28 : Eval Step: 7
2024-07-20 21:11:28 : Action: 7  Val acc: 0.68772  reward: -0.05481
2024-07-20 21:11:28 : Meta-path Set: [[['2', '4', '9', '1'], ['2', '1'], ['7'], ['2', '1', '7']], [['1', '2']]]
2024-07-20 21:11:28 : Eval Step: 2
2024-07-20 21:11:28 : Action: 3  Val acc: 0.69026  reward: 0.01271
2024-07-20 21:11:28 : Meta-path Set: [[['2', '1', '7'], ['2', '1'], ['2', '3', '8', '1'], ['7'], ['2', '3', '8', '1', '7'], ['2', '4', '9', '1']], [['1', '2']]]
2024-07-20 21:11:28 : Eval Step: 2
2024-07-20 21:14:46 : Action: 2  Val acc: 0.69778  reward: 0.03761
2024-07-20 21:14:46 : Meta-path Set: [[['2', '4', '9', '1'], ['2', '1', '7'], ['2', '1'], ['2', '3', '8', '1'], ['7'], ['2', '3', '8', '1', '7'], ['7', '2', '1']], [['1', '2']]]
2024-07-20 21:14:46 : Generated meta-path set: [[['2', '4', '9', '1'], ['2', '1', '7'], ['2', '1'], ['2', '3', '8', '1'], ['7'], ['2', '3', '8', '1', '7'], ['7', '2', '1']], [['1', '2']]]
2024-07-20 21:14:46 : Training User Meta-policy: 9    Val_Acc: 0.69778    Avg_reward: 0.03761    Best_Acc:  0.69868    Best_i: 1 
2024-07-20 21:14:46 : 
2024-07-20 21:14:46 : Eval Step: 4
2024-07-20 21:14:46 : Action: 4  Val acc: 0.69868  reward: 0.50000
2024-07-20 21:14:46 : Meta-path Set: [[['2', '1'], ['2', '4', '9', '1']], [['1', '2']]]
2024-07-20 21:14:46 : Eval Step: 7
2024-07-20 21:14:46 : Action: 7  Val acc: 0.68772  reward: -0.05481
2024-07-20 21:14:46 : Meta-path Set: [[['2', '4', '9', '1'], ['2', '1'], ['7'], ['2', '1', '7']], [['1', '2']]]
2024-07-20 21:14:46 : Eval Step: 2
2024-07-20 21:14:46 : Action: 3  Val acc: 0.69026  reward: 0.01271
2024-07-20 21:14:46 : Meta-path Set: [[['2', '1', '7'], ['2', '1'], ['2', '3', '8', '1'], ['7'], ['2', '3', '8', '1', '7'], ['2', '4', '9', '1']], [['1', '2']]]
2024-07-20 21:14:46 : Eval Step: 2
2024-07-20 21:16:16 : Action: 2  Val acc: 0.69778  reward: 0.03761
2024-07-20 21:16:16 : Meta-path Set: [[['2', '4', '9', '1'], ['2', '1', '7'], ['2', '1'], ['2', '3', '8', '1'], ['7'], ['2', '3', '8', '1', '7'], ['7', '2', '1']], [['1', '2']]]
2024-07-20 21:16:16 : Generated meta-path set: [[['2', '4', '9', '1'], ['2', '1', '7'], ['2', '1'], ['2', '3', '8', '1'], ['7'], ['2', '3', '8', '1', '7'], ['7', '2', '1']], [['1', '2']]]
2024-07-20 21:16:16 : Training User Meta-policy: 10    Val_Acc: 0.69778    Avg_reward: 0.03761    Best_Acc:  0.69868    Best_i: 1 
2024-07-20 21:16:16 : 
2024-07-20 21:16:16 : Eval Step: 4
2024-07-20 21:16:16 : Action: 4  Val acc: 0.69868  reward: 0.50000
2024-07-20 21:16:16 : Meta-path Set: [[['2', '1'], ['2', '4', '9', '1']], [['1', '2']]]
2024-07-20 21:16:16 : Eval Step: 7
2024-07-20 21:16:16 : Action: 7  Val acc: 0.68772  reward: -0.05481
2024-07-20 21:16:16 : Meta-path Set: [[['2', '4', '9', '1'], ['2', '1'], ['7'], ['2', '1', '7']], [['1', '2']]]
2024-07-20 21:16:16 : Eval Step: 2
2024-07-20 21:19:06 : Action: 6  Val acc: 0.70092  reward: 0.06604
2024-07-20 21:19:06 : Meta-path Set: [[['2', '1', '7'], ['2', '1'], ['7'], ['7', '6', '11'], ['2', '4', '9', '1']], [['1', '2']]]
2024-07-20 21:19:06 : Eval Step: 2
2024-07-20 21:21:47 : Action: 2  Val acc: 0.70063  reward: -0.00149
2024-07-20 21:21:47 : Meta-path Set: [[['2', '4', '9', '1'], ['2', '1', '7'], ['2', '1'], ['7', '6', '11', '2', '1'], ['7'], ['7', '2', '1'], ['7', '6', '11']], [['1', '2']]]
2024-07-20 21:21:47 : Generated meta-path set: [[['2', '4', '9', '1'], ['2', '1', '7'], ['2', '1'], ['7', '6', '11', '2', '1'], ['7'], ['7', '2', '1'], ['7', '6', '11']], [['1', '2']]]
2024-07-20 21:21:47 : Training User Meta-policy: 11    Val_Acc: 0.70063    Avg_reward: -0.00149    Best_Acc:  0.70063    Best_i: 11 
2024-07-20 21:21:47 : 
2024-07-20 21:21:47 : Eval Step: 4
2024-07-20 21:21:47 : Action: 4  Val acc: 0.69868  reward: 0.50000
2024-07-20 21:21:47 : Meta-path Set: [[['2', '1'], ['2', '4', '9', '1']], [['1', '2']]]
2024-07-20 21:21:47 : Eval Step: 7
2024-07-20 21:21:47 : Action: 7  Val acc: 0.68772  reward: -0.05481
2024-07-20 21:21:47 : Meta-path Set: [[['2', '4', '9', '1'], ['2', '1'], ['7'], ['2', '1', '7']], [['1', '2']]]
2024-07-20 21:21:47 : Eval Step: 2
2024-07-20 21:23:30 : Action: 2  Val acc: 0.69907  reward: 0.05678
2024-07-20 21:23:30 : Meta-path Set: [[['2', '4', '9', '1'], ['2', '1', '7'], ['2', '1'], ['7'], ['7', '2', '1']], [['1', '2']]]
2024-07-20 21:23:30 : Eval Step: 2
2024-07-20 21:26:03 : Action: 2  Val acc: 0.69662  reward: -0.01229
2024-07-20 21:26:03 : Meta-path Set: [[['2', '4', '9', '1'], ['2', '1', '7'], ['2', '1'], ['7'], ['7', '2', '1'], ['7', '2', '1', '2', '1']], [['1', '2']]]
2024-07-20 21:26:03 : Generated meta-path set: [[['2', '4', '9', '1'], ['2', '1', '7'], ['2', '1'], ['7'], ['7', '2', '1'], ['7', '2', '1', '2', '1']], [['1', '2']]]
2024-07-20 21:26:03 : Training User Meta-policy: 12    Val_Acc: 0.69662    Avg_reward: -0.01229    Best_Acc:  0.70063    Best_i: 11 
2024-07-20 21:26:03 : 
2024-07-20 21:26:03 : Eval Step: 4
2024-07-20 21:26:03 : Action: 4  Val acc: 0.69868  reward: 0.50000
2024-07-20 21:26:03 : Meta-path Set: [[['2', '1'], ['2', '4', '9', '1']], [['1', '2']]]
2024-07-20 21:26:03 : Eval Step: 7
2024-07-20 21:26:03 : Action: 7  Val acc: 0.68772  reward: -0.05481
2024-07-20 21:26:03 : Meta-path Set: [[['2', '4', '9', '1'], ['2', '1'], ['7'], ['2', '1', '7']], [['1', '2']]]
2024-07-20 21:26:03 : Eval Step: 2
2024-07-20 21:27:21 : Action: 2  Val acc: 0.69907  reward: 0.05678
2024-07-20 21:27:21 : Meta-path Set: [[['2', '4', '9', '1'], ['2', '1', '7'], ['2', '1'], ['7'], ['7', '2', '1']], [['1', '2']]]
2024-07-20 21:27:21 : Eval Step: 2
2024-07-20 21:28:46 : Action: 2  Val acc: 0.69662  reward: -0.01229
2024-07-20 21:28:46 : Meta-path Set: [[['2', '4', '9', '1'], ['2', '1', '7'], ['2', '1'], ['7'], ['7', '2', '1'], ['7', '2', '1', '2', '1']], [['1', '2']]]
2024-07-20 21:28:46 : Generated meta-path set: [[['2', '4', '9', '1'], ['2', '1', '7'], ['2', '1'], ['7'], ['7', '2', '1'], ['7', '2', '1', '2', '1']], [['1', '2']]]
2024-07-20 21:28:46 : Training User Meta-policy: 13    Val_Acc: 0.69662    Avg_reward: -0.01229    Best_Acc:  0.70063    Best_i: 11 
2024-07-20 21:28:46 : 
2024-07-20 21:28:46 : Eval Step: 4
2024-07-20 21:28:46 : Action: 7  Val acc: 0.68713  reward: 0.50000
2024-07-20 21:28:46 : Meta-path Set: [[['7'], ['2', '1'], ['2', '1', '7']], [['1', '2']]]
2024-07-20 21:28:46 : Eval Step: 2
2024-07-20 21:30:22 : Action: 2  Val acc: 0.69464  reward: 0.03755
2024-07-20 21:30:22 : Meta-path Set: [[['2', '1', '7'], ['2', '1'], ['7'], ['7', '2', '1']], [['1', '2']]]
2024-07-20 21:30:22 : Eval Step: 2
2024-07-20 21:32:04 : Action: 2  Val acc: 0.69634  reward: 0.00847
2024-07-20 21:32:04 : Meta-path Set: [[['2', '1', '7'], ['2', '1'], ['7'], ['7', '2', '1'], ['7', '2', '1', '2', '1']], [['1', '2']]]
2024-07-20 21:32:04 : Eval Step: 2
2024-07-20 21:33:22 : Action: 2  Val acc: 0.69634  reward: -0.50000
2024-07-20 21:33:22 : Meta-path Set: [[['2', '1', '7'], ['2', '1'], ['7'], ['7', '2', '1'], ['7', '2', '1', '2', '1']], [['1', '2']]]
2024-07-20 21:33:22 : Generated meta-path set: [[['2', '1', '7'], ['2', '1'], ['7'], ['7', '2', '1'], ['7', '2', '1', '2', '1']], [['1', '2']]]
2024-07-20 21:33:22 : Training User Meta-policy: 14    Val_Acc: 0.69634    Avg_reward: -0.50000    Best_Acc:  0.70063    Best_i: 11 
2024-07-20 21:33:22 : 
2024-07-20 21:33:22 : Eval Step: 4
2024-07-20 21:33:22 : Action: 4  Val acc: 0.69868  reward: 0.50000
2024-07-20 21:33:22 : Meta-path Set: [[['2', '1'], ['2', '4', '9', '1']], [['1', '2']]]
2024-07-20 21:33:22 : Eval Step: 3
2024-07-20 21:33:22 : Action: 3  Val acc: 0.68887  reward: -0.04906
2024-07-20 21:33:22 : Meta-path Set: [[['2', '3', '8', '1'], ['2', '1'], ['2', '4', '9', '1']], [['1', '2']]]
2024-07-20 21:33:22 : Eval Step: 7
2024-07-20 21:35:06 : Action: 7  Val acc: 0.70672  reward: 0.08926
2024-07-20 21:35:06 : Meta-path Set: [[['2', '1', '7'], ['2', '1'], ['2', '3', '8', '1'], ['7'], ['2', '4', '9', '1']], [['1', '2']]]
2024-07-20 21:35:06 : Eval Step: 2
2024-07-20 21:36:54 : Action: 2  Val acc: 0.70863  reward: 0.00957
2024-07-20 21:36:54 : Meta-path Set: [[['2', '4', '9', '1'], ['2', '1', '7'], ['2', '1'], ['2', '3', '8', '1'], ['7'], ['7', '2', '1']], [['1', '2']]]
2024-07-20 21:36:54 : Generated meta-path set: [[['2', '4', '9', '1'], ['2', '1', '7'], ['2', '1'], ['2', '3', '8', '1'], ['7'], ['7', '2', '1']], [['1', '2']]]
2024-07-20 21:36:54 : Training User Meta-policy: 15    Val_Acc: 0.70863    Avg_reward: 0.00957    Best_Acc:  0.70863    Best_i: 15 
2024-07-20 21:36:54 : 
2024-07-20 21:36:54 : Eval Step: 4
2024-07-20 21:36:54 : Action: 4  Val acc: 0.69868  reward: 0.50000
2024-07-20 21:36:54 : Meta-path Set: [[['2', '1'], ['2', '4', '9', '1']], [['1', '2']]]
2024-07-20 21:36:54 : Eval Step: 3
2024-07-20 21:36:54 : Action: 3  Val acc: 0.68887  reward: -0.04906
2024-07-20 21:36:54 : Meta-path Set: [[['2', '3', '8', '1'], ['2', '1'], ['2', '4', '9', '1']], [['1', '2']]]
2024-07-20 21:36:54 : Eval Step: 7
2024-07-20 21:36:54 : Action: 7  Val acc: 0.70672  reward: 0.08926
2024-07-20 21:36:54 : Meta-path Set: [[['2', '1', '7'], ['2', '1'], ['2', '3', '8', '1'], ['7'], ['2', '4', '9', '1']], [['1', '2']]]
2024-07-20 21:36:54 : Eval Step: 2
2024-07-20 21:38:19 : Action: 2  Val acc: 0.70863  reward: 0.00957
2024-07-20 21:38:19 : Meta-path Set: [[['2', '4', '9', '1'], ['2', '1', '7'], ['2', '1'], ['2', '3', '8', '1'], ['7'], ['7', '2', '1']], [['1', '2']]]
2024-07-20 21:38:19 : Generated meta-path set: [[['2', '4', '9', '1'], ['2', '1', '7'], ['2', '1'], ['2', '3', '8', '1'], ['7'], ['7', '2', '1']], [['1', '2']]]
2024-07-20 21:38:19 : Training User Meta-policy: 16    Val_Acc: 0.70863    Avg_reward: 0.00957    Best_Acc:  0.70863    Best_i: 15 
2024-07-20 21:38:19 : 
2024-07-20 21:38:19 : Eval Step: 4
2024-07-20 21:38:19 : Action: 4  Val acc: 0.69868  reward: 0.50000
2024-07-20 21:38:19 : Meta-path Set: [[['2', '1'], ['2', '4', '9', '1']], [['1', '2']]]
2024-07-20 21:38:19 : Eval Step: 3
2024-07-20 21:38:19 : Action: 3  Val acc: 0.68887  reward: -0.04906
2024-07-20 21:38:19 : Meta-path Set: [[['2', '3', '8', '1'], ['2', '1'], ['2', '4', '9', '1']], [['1', '2']]]
2024-07-20 21:38:19 : Eval Step: 7
2024-07-20 21:38:19 : Action: 4  Val acc: 0.68887  reward: -0.50000
2024-07-20 21:38:19 : Meta-path Set: [[['2', '3', '8', '1'], ['2', '1'], ['2', '4', '9', '1']], [['1', '2']]]
2024-07-20 21:38:19 : Eval Step: 7
2024-07-20 21:38:19 : Action: 7  Val acc: 0.70672  reward: 0.08926
2024-07-20 21:38:19 : Meta-path Set: [[['2', '1', '7'], ['2', '1'], ['2', '3', '8', '1'], ['7'], ['2', '4', '9', '1']], [['1', '2']]]
2024-07-20 21:38:19 : Generated meta-path set: [[['2', '1', '7'], ['2', '1'], ['2', '3', '8', '1'], ['7'], ['2', '4', '9', '1']], [['1', '2']]]
2024-07-20 21:38:19 : Training User Meta-policy: 17    Val_Acc: 0.70672    Avg_reward: 0.08926    Best_Acc:  0.70863    Best_i: 15 
2024-07-20 21:38:19 : 
2024-07-20 21:38:20 : Eval Step: 4
2024-07-20 21:38:20 : Action: 4  Val acc: 0.69868  reward: 0.50000
2024-07-20 21:38:20 : Meta-path Set: [[['2', '1'], ['2', '4', '9', '1']], [['1', '2']]]
2024-07-20 21:38:20 : Eval Step: 3
2024-07-20 21:39:28 : Action: 1  Val acc: 0.69423  reward: -0.50000
2024-07-20 21:39:28 : Meta-path Set: [[['2', '4', '9', '1'], ['2', '1']], [['1', '2']]]
2024-07-20 21:39:28 : Eval Step: 3
2024-07-20 21:40:36 : Action: 2  Val acc: 0.69868  reward: -0.50000
2024-07-20 21:40:36 : Meta-path Set: [[['2', '1'], ['2', '4', '9', '1']], [['1', '2']]]
2024-07-20 21:40:36 : Eval Step: 3
2024-07-20 21:41:45 : Action: 6  Val acc: 0.69868  reward: -0.50000
2024-07-20 21:41:45 : Meta-path Set: [[['2', '1'], ['2', '4', '9', '1']], [['1', '2']]]
2024-07-20 21:41:45 : Generated meta-path set: [[['2', '1'], ['2', '4', '9', '1']], [['1', '2']]]
2024-07-20 21:41:45 : Training User Meta-policy: 18    Val_Acc: 0.69868    Avg_reward: -0.50000    Best_Acc:  0.70863    Best_i: 15 
2024-07-20 21:41:45 : 
2024-07-20 21:41:45 : Eval Step: 4
2024-07-20 21:42:47 : Action: 0  Val acc: 0.67050  reward: 0.00000
2024-07-20 21:42:47 : Meta-path Set: [[['2', '1']], [['1', '2']]]
2024-07-20 21:42:47 : Eval Step: 4
2024-07-20 21:43:50 : Action: 2  Val acc: 0.67050  reward: -0.50000
2024-07-20 21:43:50 : Meta-path Set: [[['2', '1']], [['1', '2']]]
2024-07-20 21:43:50 : Eval Step: 4
2024-07-20 21:43:50 : Action: 4  Val acc: 0.69868  reward: 0.14092
2024-07-20 21:43:50 : Meta-path Set: [[['2', '1'], ['2', '4', '9', '1']], [['1', '2']]]
2024-07-20 21:43:50 : Eval Step: 3
2024-07-20 21:43:50 : Action: 3  Val acc: 0.68887  reward: -0.04906
2024-07-20 21:43:50 : Meta-path Set: [[['2', '3', '8', '1'], ['2', '1'], ['2', '4', '9', '1']], [['1', '2']]]
2024-07-20 21:43:50 : Generated meta-path set: [[['2', '3', '8', '1'], ['2', '1'], ['2', '4', '9', '1']], [['1', '2']]]
2024-07-20 21:43:50 : Training User Meta-policy: 19    Val_Acc: 0.68887    Avg_reward: -0.04906    Best_Acc:  0.70863    Best_i: 15 
2024-07-20 21:43:50 : 
2024-07-20 21:43:50 : Eval Step: 4
2024-07-20 21:43:50 : Action: 4  Val acc: 0.69868  reward: 0.50000
2024-07-20 21:43:50 : Meta-path Set: [[['2', '1'], ['2', '4', '9', '1']], [['1', '2']]]
2024-07-20 21:43:50 : Eval Step: 3
2024-07-20 21:43:50 : Action: 3  Val acc: 0.68887  reward: -0.04906
2024-07-20 21:43:50 : Meta-path Set: [[['2', '3', '8', '1'], ['2', '1'], ['2', '4', '9', '1']], [['1', '2']]]
2024-07-20 21:43:50 : Eval Step: 2
2024-07-20 21:45:05 : Action: 5  Val acc: 0.68887  reward: -0.50000
2024-07-20 21:45:05 : Meta-path Set: [[['2', '3', '8', '1'], ['2', '1'], ['2', '4', '9', '1']], [['1', '2']]]
2024-07-20 21:45:05 : Eval Step: 2
2024-07-20 21:45:05 : Action: 4  Val acc: 0.68887  reward: -0.50000
2024-07-20 21:45:05 : Meta-path Set: [[['2', '3', '8', '1'], ['2', '1'], ['2', '4', '9', '1']], [['1', '2']]]
2024-07-20 21:45:05 : Generated meta-path set: [[['2', '3', '8', '1'], ['2', '1'], ['2', '4', '9', '1']], [['1', '2']]]
2024-07-20 21:45:05 : Training User Meta-policy: 20    Val_Acc: 0.68887    Avg_reward: -0.50000    Best_Acc:  0.70863    Best_i: 15 
2024-07-20 21:45:05 : 
2024-07-20 21:45:05 : Training Meta-policy on Validation Set
2024-07-20 21:45:05 : Eval Step: 1
2024-07-20 21:47:31 : Action: 4  Val acc: 0.70897  reward: 0.50000
2024-07-20 21:47:31 : Meta-path Set: [[['2', '1']], [['1', '2', '4', '9'], ['1', '2'], ['4', '9']]]
2024-07-20 21:47:31 : Eval Step: 5
2024-07-20 21:49:04 : Action: 4  Val acc: 0.70761  reward: -0.00676
2024-07-20 21:49:04 : Meta-path Set: [[['2', '1']], [['1', '2', '4', '9'], ['1', '2'], ['4', '9'], ['4', '9', '4', '9']]]
2024-07-20 21:49:04 : Eval Step: 5
2024-07-20 21:49:04 : Action: 4  Val acc: 0.70761  reward: -0.50000
2024-07-20 21:49:04 : Meta-path Set: [[['2', '1']], [['1', '2', '4', '9'], ['1', '2'], ['4', '9'], ['4', '9', '4', '9']]]
2024-07-20 21:49:04 : Eval Step: 5
2024-07-20 21:53:04 : Action: 5  Val acc: 0.71215  reward: 0.02270
2024-07-20 21:53:04 : Meta-path Set: [[['2', '1']], [['4', '9'], ['4', '9', '5', '10'], ['1', '2', '4', '9'], ['1', '2'], ['4', '9', '4', '9'], ['5', '10']]]
2024-07-20 21:53:04 : Generated meta-path set: [[['2', '1']], [['4', '9'], ['4', '9', '5', '10'], ['1', '2', '4', '9'], ['1', '2'], ['4', '9', '4', '9'], ['5', '10']]]
2024-07-20 21:53:04 : Training Item Meta-policy: 1    Val_Acc: 0.71215    Avg_reward: 0.02270    Best_Acc:  0.71215    Best_i: 1 
2024-07-20 21:53:04 : 
2024-07-20 21:53:04 : Eval Step: 1
2024-07-20 21:53:04 : Action: 4  Val acc: 0.70897  reward: 0.50000
2024-07-20 21:53:04 : Meta-path Set: [[['2', '1']], [['1', '2', '4', '9'], ['1', '2'], ['4', '9']]]
2024-07-20 21:53:04 : Eval Step: 7
2024-07-20 21:54:47 : Action: 5  Val acc: 0.70288  reward: -0.03042
2024-07-20 21:54:47 : Meta-path Set: [[['2', '1']], [['4', '9'], ['4', '9', '5', '10'], ['1', '2', '4', '9'], ['1', '2'], ['5', '10']]]
2024-07-20 21:54:47 : Eval Step: 5
2024-07-20 21:57:56 : Action: 4  Val acc: 0.69293  reward: -0.04976
2024-07-20 21:57:56 : Meta-path Set: [[['2', '1']], [['4', '9'], ['4', '9', '5', '10'], ['1', '2', '4', '9'], ['1', '2'], ['4', '9', '4', '9'], ['5', '10'], ['5', '10', '4', '9']]]
2024-07-20 21:57:56 : Eval Step: 5
2024-07-20 21:57:56 : Action: 4  Val acc: 0.69293  reward: -0.50000
2024-07-20 21:57:56 : Meta-path Set: [[['2', '1']], [['4', '9'], ['4', '9', '5', '10'], ['1', '2', '4', '9'], ['1', '2'], ['4', '9', '4', '9'], ['5', '10'], ['5', '10', '4', '9']]]
2024-07-20 21:57:56 : Generated meta-path set: [[['2', '1']], [['4', '9'], ['4', '9', '5', '10'], ['1', '2', '4', '9'], ['1', '2'], ['4', '9', '4', '9'], ['5', '10'], ['5', '10', '4', '9']]]
2024-07-20 21:57:56 : Training Item Meta-policy: 2    Val_Acc: 0.69293    Avg_reward: -0.50000    Best_Acc:  0.71215    Best_i: 1 
2024-07-20 21:57:56 : 
2024-07-20 21:57:56 : Eval Step: 1
2024-07-20 21:59:27 : Action: 5  Val acc: 0.69534  reward: 0.50000
2024-07-20 21:59:27 : Meta-path Set: [[['2', '1']], [['1', '2'], ['5', '10']]]
2024-07-20 21:59:27 : Eval Step: 1
2024-07-20 22:01:11 : Action: 4  Val acc: 0.69281  reward: -0.01264
2024-07-20 22:01:11 : Meta-path Set: [[['2', '1']], [['4', '9'], ['1', '2', '4', '9'], ['1', '2'], ['5', '10'], ['5', '10', '4', '9']]]
2024-07-20 22:01:11 : Eval Step: 4
2024-07-20 22:02:55 : Action: 4  Val acc: 0.71245  reward: 0.09822
2024-07-20 22:02:55 : Meta-path Set: [[['2', '1']], [['4', '9'], ['1', '2', '4', '9'], ['1', '2'], ['4', '9', '4', '9'], ['5', '10'], ['5', '10', '4', '9']]]
2024-07-20 22:02:55 : Eval Step: 4
2024-07-20 22:02:55 : Action: 4  Val acc: 0.71245  reward: -0.50000
2024-07-20 22:02:55 : Meta-path Set: [[['2', '1']], [['4', '9'], ['1', '2', '4', '9'], ['1', '2'], ['4', '9', '4', '9'], ['5', '10'], ['5', '10', '4', '9']]]
2024-07-20 22:02:55 : Generated meta-path set: [[['2', '1']], [['4', '9'], ['1', '2', '4', '9'], ['1', '2'], ['4', '9', '4', '9'], ['5', '10'], ['5', '10', '4', '9']]]
2024-07-20 22:02:55 : Training Item Meta-policy: 3    Val_Acc: 0.71245    Avg_reward: -0.50000    Best_Acc:  0.71245    Best_i: 3 
2024-07-20 22:02:55 : 
2024-07-20 22:02:55 : Eval Step: 1
2024-07-20 22:04:04 : Action: 5  Val acc: 0.69534  reward: 0.50000
2024-07-20 22:04:04 : Meta-path Set: [[['2', '1']], [['1', '2'], ['5', '10']]]
2024-07-20 22:04:04 : Eval Step: 1
2024-07-20 22:04:04 : Action: 4  Val acc: 0.69281  reward: -0.01264
2024-07-20 22:04:04 : Meta-path Set: [[['2', '1']], [['4', '9'], ['1', '2', '4', '9'], ['1', '2'], ['5', '10'], ['5', '10', '4', '9']]]
2024-07-20 22:04:04 : Eval Step: 7
2024-07-20 22:06:37 : Action: 2  Val acc: 0.69281  reward: -0.50000
2024-07-20 22:06:37 : Meta-path Set: [[['2', '1']], [['4', '9'], ['1', '2', '4', '9'], ['1', '2'], ['5', '10'], ['5', '10', '4', '9']]]
2024-07-20 22:06:37 : Eval Step: 7
2024-07-20 22:08:42 : Action: 7  Val acc: 0.69481  reward: 0.01001
2024-07-20 22:08:42 : Meta-path Set: [[['2', '1']], [['1', '7', '2'], ['4', '9'], ['1', '2', '4', '9'], ['1', '2'], ['5', '10'], ['5', '10', '4', '9']]]
2024-07-20 22:08:42 : Generated meta-path set: [[['2', '1']], [['1', '7', '2'], ['4', '9'], ['1', '2', '4', '9'], ['1', '2'], ['5', '10'], ['5', '10', '4', '9']]]
2024-07-20 22:08:42 : Training Item Meta-policy: 4    Val_Acc: 0.69481    Avg_reward: 0.01001    Best_Acc:  0.71245    Best_i: 3 
2024-07-20 22:08:42 : 
2024-07-20 22:08:42 : Eval Step: 1
2024-07-20 22:11:45 : Action: 3  Val acc: 0.70628  reward: 0.50000
2024-07-20 22:11:45 : Meta-path Set: [[['2', '1']], [['1', '2'], ['1', '2', '3', '8'], ['3', '8']]]
2024-07-20 22:11:45 : Eval Step: 2
2024-07-20 22:13:23 : Action: 3  Val acc: 0.70154  reward: -0.02369
2024-07-20 22:13:23 : Meta-path Set: [[['2', '1']], [['1', '2'], ['1', '2', '3', '8'], ['3', '8'], ['3', '8', '3', '8']]]
2024-07-20 22:13:23 : Eval Step: 2
2024-07-20 22:13:23 : Action: 3  Val acc: 0.70154  reward: -0.50000
2024-07-20 22:13:23 : Meta-path Set: [[['2', '1']], [['1', '2'], ['1', '2', '3', '8'], ['3', '8'], ['3', '8', '3', '8']]]
2024-07-20 22:13:23 : Eval Step: 2
2024-07-20 22:15:11 : Action: 5  Val acc: 0.71127  reward: 0.04861
2024-07-20 22:15:11 : Meta-path Set: [[['2', '1']], [['1', '2'], ['5', '10'], ['3', '8', '3', '8'], ['1', '2', '3', '8'], ['3', '8']]]
2024-07-20 22:15:11 : Generated meta-path set: [[['2', '1']], [['1', '2'], ['5', '10'], ['3', '8', '3', '8'], ['1', '2', '3', '8'], ['3', '8']]]
2024-07-20 22:15:11 : Training Item Meta-policy: 5    Val_Acc: 0.71127    Avg_reward: 0.04861    Best_Acc:  0.71245    Best_i: 3 
2024-07-20 22:15:11 : 
2024-07-20 22:15:11 : Eval Step: 1
2024-07-20 22:15:11 : Action: 3  Val acc: 0.70628  reward: 0.50000
2024-07-20 22:15:11 : Meta-path Set: [[['2', '1']], [['1', '2'], ['1', '2', '3', '8'], ['3', '8']]]
2024-07-20 22:15:11 : Eval Step: 2
2024-07-20 22:16:48 : Action: 5  Val acc: 0.70880  reward: 0.01256
2024-07-20 22:16:48 : Meta-path Set: [[['2', '1']], [['1', '2'], ['5', '10'], ['1', '2', '3', '8'], ['3', '8']]]
2024-07-20 22:16:48 : Eval Step: 7
2024-07-20 22:18:15 : Action: 5  Val acc: 0.70880  reward: -0.50000
2024-07-20 22:18:15 : Meta-path Set: [[['2', '1']], [['1', '2'], ['5', '10'], ['1', '2', '3', '8'], ['3', '8']]]
2024-07-20 22:18:15 : Eval Step: 7
2024-07-20 22:20:09 : Action: 4  Val acc: 0.70773  reward: -0.00534
2024-07-20 22:20:09 : Meta-path Set: [[['2', '1']], [['4', '9'], ['3', '8', '4', '9'], ['1', '2', '4', '9'], ['1', '2'], ['5', '10'], ['5', '10', '4', '9'], ['1', '2', '3', '8'], ['3', '8']]]
2024-07-20 22:20:09 : Generated meta-path set: [[['2', '1']], [['4', '9'], ['3', '8', '4', '9'], ['1', '2', '4', '9'], ['1', '2'], ['5', '10'], ['5', '10', '4', '9'], ['1', '2', '3', '8'], ['3', '8']]]
2024-07-20 22:20:09 : Training Item Meta-policy: 6    Val_Acc: 0.70773    Avg_reward: -0.00534    Best_Acc:  0.71245    Best_i: 3 
2024-07-20 22:20:09 : 
2024-07-20 22:20:09 : Eval Step: 1
2024-07-20 22:20:09 : Action: 3  Val acc: 0.70628  reward: 0.50000
2024-07-20 22:20:09 : Meta-path Set: [[['2', '1']], [['1', '2'], ['1', '2', '3', '8'], ['3', '8']]]
2024-07-20 22:20:09 : Eval Step: 2
2024-07-20 22:21:24 : Action: 5  Val acc: 0.70880  reward: 0.01256
2024-07-20 22:21:24 : Meta-path Set: [[['2', '1']], [['1', '2'], ['5', '10'], ['1', '2', '3', '8'], ['3', '8']]]
2024-07-20 22:21:24 : Eval Step: 7
2024-07-20 22:22:39 : Action: 5  Val acc: 0.70880  reward: -0.50000
2024-07-20 22:22:39 : Meta-path Set: [[['2', '1']], [['1', '2'], ['5', '10'], ['1', '2', '3', '8'], ['3', '8']]]
2024-07-20 22:22:39 : Eval Step: 7
2024-07-20 22:24:21 : Action: 7  Val acc: 0.71226  reward: 0.01734
2024-07-20 22:24:21 : Meta-path Set: [[['2', '1']], [['1', '7', '2'], ['1', '2'], ['5', '10'], ['1', '2', '3', '8'], ['3', '8']]]
2024-07-20 22:24:21 : Generated meta-path set: [[['2', '1']], [['1', '7', '2'], ['1', '2'], ['5', '10'], ['1', '2', '3', '8'], ['3', '8']]]
2024-07-20 22:24:21 : Training Item Meta-policy: 7    Val_Acc: 0.71226    Avg_reward: 0.01734    Best_Acc:  0.71245    Best_i: 3 
2024-07-20 22:24:21 : 
2024-07-20 22:24:21 : Eval Step: 1
2024-07-20 22:24:21 : Action: 3  Val acc: 0.70628  reward: 0.50000
2024-07-20 22:24:21 : Meta-path Set: [[['2', '1']], [['1', '2'], ['1', '2', '3', '8'], ['3', '8']]]
2024-07-20 22:24:21 : Eval Step: 2
2024-07-20 22:25:36 : Action: 5  Val acc: 0.70880  reward: 0.01256
2024-07-20 22:25:36 : Meta-path Set: [[['2', '1']], [['1', '2'], ['5', '10'], ['1', '2', '3', '8'], ['3', '8']]]
2024-07-20 22:25:36 : Eval Step: 7
2024-07-20 22:27:53 : Action: 6  Val acc: 0.70880  reward: -0.50000
2024-07-20 22:27:53 : Meta-path Set: [[['2', '1']], [['1', '2'], ['5', '10'], ['1', '2', '3', '8'], ['3', '8']]]
2024-07-20 22:27:53 : Eval Step: 7
2024-07-20 22:27:53 : Action: 7  Val acc: 0.71226  reward: 0.01734
2024-07-20 22:27:53 : Meta-path Set: [[['2', '1']], [['1', '7', '2'], ['1', '2'], ['5', '10'], ['1', '2', '3', '8'], ['3', '8']]]
2024-07-20 22:27:53 : Generated meta-path set: [[['2', '1']], [['1', '7', '2'], ['1', '2'], ['5', '10'], ['1', '2', '3', '8'], ['3', '8']]]
2024-07-20 22:27:53 : Training Item Meta-policy: 8    Val_Acc: 0.71226    Avg_reward: 0.01734    Best_Acc:  0.71245    Best_i: 3 
2024-07-20 22:27:53 : 
2024-07-20 22:27:53 : Eval Step: 1
2024-07-20 22:28:55 : Action: 1  Val acc: 0.67050  reward: -0.50000
2024-07-20 22:28:55 : Meta-path Set: [[['2', '1']], [['1', '2']]]
2024-07-20 22:28:55 : Eval Step: 1
2024-07-20 22:30:24 : Action: 7  Val acc: 0.71040  reward: 0.19951
2024-07-20 22:30:24 : Meta-path Set: [[['2', '1']], [['1', '2'], ['1', '7', '2']]]
2024-07-20 22:30:24 : Eval Step: 1
2024-07-20 22:33:16 : Action: 3  Val acc: 0.71154  reward: 0.00574
2024-07-20 22:33:16 : Meta-path Set: [[['2', '1']], [['1', '7', '2'], ['1', '2'], ['1', '7', '2', '3', '8'], ['1', '2', '3', '8'], ['3', '8']]]
2024-07-20 22:33:16 : Eval Step: 2
2024-07-20 22:35:22 : Action: 2  Val acc: 0.71154  reward: -0.50000
2024-07-20 22:35:22 : Meta-path Set: [[['2', '1']], [['1', '7', '2'], ['1', '2'], ['1', '7', '2', '3', '8'], ['1', '2', '3', '8'], ['3', '8']]]
2024-07-20 22:35:22 : Generated meta-path set: [[['2', '1']], [['1', '7', '2'], ['1', '2'], ['1', '7', '2', '3', '8'], ['1', '2', '3', '8'], ['3', '8']]]
2024-07-20 22:35:22 : Training Item Meta-policy: 9    Val_Acc: 0.71154    Avg_reward: -0.50000    Best_Acc:  0.71245    Best_i: 3 
2024-07-20 22:35:22 : 
2024-07-20 22:35:22 : Eval Step: 1
2024-07-20 22:36:24 : Action: 2  Val acc: 0.67050  reward: -0.50000
2024-07-20 22:36:24 : Meta-path Set: [[['2', '1']], [['1', '2']]]
2024-07-20 22:36:24 : Eval Step: 1
2024-07-20 22:37:26 : Action: 0  Val acc: 0.67050  reward: 0.00000
2024-07-20 22:37:26 : Meta-path Set: [[['2', '1']], [['1', '2']]]
2024-07-20 22:37:26 : Eval Step: 1
2024-07-20 22:37:26 : Action: 7  Val acc: 0.71040  reward: 0.19951
2024-07-20 22:37:26 : Meta-path Set: [[['2', '1']], [['1', '2'], ['1', '7', '2']]]
2024-07-20 22:37:26 : Eval Step: 2
2024-07-20 22:39:09 : Action: 6  Val acc: 0.71040  reward: -0.50000
2024-07-20 22:39:09 : Meta-path Set: [[['2', '1']], [['1', '2'], ['1', '7', '2']]]
2024-07-20 22:39:09 : Generated meta-path set: [[['2', '1']], [['1', '2'], ['1', '7', '2']]]
2024-07-20 22:39:09 : Training Item Meta-policy: 10    Val_Acc: 0.71040    Avg_reward: -0.50000    Best_Acc:  0.71245    Best_i: 3 
2024-07-20 22:39:09 : 
2024-07-20 22:39:09 : Eval Step: 3
2024-07-20 22:39:09 : Action: 4  Val acc: 0.70897  reward: 0.50000
2024-07-20 22:39:09 : Meta-path Set: [[['2', '1']], [['1', '2', '4', '9'], ['1', '2'], ['4', '9']]]
2024-07-20 22:39:09 : Eval Step: 7
2024-07-20 22:40:18 : Action: 2  Val acc: 0.70897  reward: -0.50000
2024-07-20 22:40:18 : Meta-path Set: [[['2', '1']], [['1', '2', '4', '9'], ['1', '2'], ['4', '9']]]
2024-07-20 22:40:18 : Eval Step: 7
2024-07-20 22:41:27 : Action: 2  Val acc: 0.70897  reward: -0.50000
2024-07-20 22:41:27 : Meta-path Set: [[['2', '1']], [['1', '2', '4', '9'], ['1', '2'], ['4', '9']]]
2024-07-20 22:41:27 : Eval Step: 7
2024-07-20 22:42:36 : Action: 6  Val acc: 0.70897  reward: -0.50000
2024-07-20 22:42:36 : Meta-path Set: [[['2', '1']], [['1', '2', '4', '9'], ['1', '2'], ['4', '9']]]
2024-07-20 22:42:36 : Generated meta-path set: [[['2', '1']], [['1', '2', '4', '9'], ['1', '2'], ['4', '9']]]
2024-07-20 22:42:36 : Training Item Meta-policy: 11    Val_Acc: 0.70897    Avg_reward: -0.50000    Best_Acc:  0.71245    Best_i: 3 
2024-07-20 22:42:36 : 
2024-07-20 22:42:36 : Eval Step: 3
2024-07-20 22:43:38 : Action: 2  Val acc: 0.67050  reward: -0.50000
2024-07-20 22:43:38 : Meta-path Set: [[['2', '1']], [['1', '2']]]
2024-07-20 22:43:38 : Eval Step: 3
2024-07-20 22:44:46 : Action: 5  Val acc: 0.69534  reward: 0.12421
2024-07-20 22:44:46 : Meta-path Set: [[['2', '1']], [['1', '2'], ['5', '10']]]
2024-07-20 22:44:46 : Eval Step: 4
2024-07-20 22:44:46 : Action: 4  Val acc: 0.69281  reward: -0.01264
2024-07-20 22:44:46 : Meta-path Set: [[['2', '1']], [['4', '9'], ['1', '2', '4', '9'], ['1', '2'], ['5', '10'], ['5', '10', '4', '9']]]
2024-07-20 22:44:46 : Eval Step: 7
2024-07-20 22:44:46 : Action: 7  Val acc: 0.69481  reward: 0.01001
2024-07-20 22:44:46 : Meta-path Set: [[['2', '1']], [['1', '7', '2'], ['4', '9'], ['1', '2', '4', '9'], ['1', '2'], ['5', '10'], ['5', '10', '4', '9']]]
2024-07-20 22:44:46 : Generated meta-path set: [[['2', '1']], [['1', '7', '2'], ['4', '9'], ['1', '2', '4', '9'], ['1', '2'], ['5', '10'], ['5', '10', '4', '9']]]
2024-07-20 22:44:46 : Training Item Meta-policy: 12    Val_Acc: 0.69481    Avg_reward: 0.01001    Best_Acc:  0.71245    Best_i: 3 
2024-07-20 22:44:46 : 
2024-07-20 22:44:46 : Eval Step: 3
2024-07-20 22:45:48 : Action: 2  Val acc: 0.67050  reward: -0.50000
2024-07-20 22:45:48 : Meta-path Set: [[['2', '1']], [['1', '2']]]
2024-07-20 22:45:48 : Eval Step: 3
2024-07-20 22:45:48 : Action: 3  Val acc: 0.70628  reward: 0.17894
2024-07-20 22:45:48 : Meta-path Set: [[['2', '1']], [['1', '2'], ['1', '2', '3', '8'], ['3', '8']]]
2024-07-20 22:45:48 : Eval Step: 5
2024-07-20 22:47:02 : Action: 5  Val acc: 0.70880  reward: 0.01256
2024-07-20 22:47:02 : Meta-path Set: [[['2', '1']], [['1', '2'], ['5', '10'], ['1', '2', '3', '8'], ['3', '8']]]
2024-07-20 22:47:02 : Eval Step: 5
2024-07-20 22:48:16 : Action: 5  Val acc: 0.70880  reward: -0.50000
2024-07-20 22:48:16 : Meta-path Set: [[['2', '1']], [['1', '2'], ['5', '10'], ['1', '2', '3', '8'], ['3', '8']]]
2024-07-20 22:48:16 : Generated meta-path set: [[['2', '1']], [['1', '2'], ['5', '10'], ['1', '2', '3', '8'], ['3', '8']]]
2024-07-20 22:48:16 : Training Item Meta-policy: 13    Val_Acc: 0.70880    Avg_reward: -0.50000    Best_Acc:  0.71245    Best_i: 3 
2024-07-20 22:48:16 : 
2024-07-20 22:48:16 : Eval Step: 3
2024-07-20 22:49:18 : Action: 6  Val acc: 0.67050  reward: -0.50000
2024-07-20 22:49:18 : Meta-path Set: [[['2', '1']], [['1', '2']]]
2024-07-20 22:49:18 : Eval Step: 3
2024-07-20 22:49:18 : Action: 3  Val acc: 0.70628  reward: 0.17894
2024-07-20 22:49:18 : Meta-path Set: [[['2', '1']], [['1', '2'], ['1', '2', '3', '8'], ['3', '8']]]
2024-07-20 22:49:18 : Eval Step: 5
2024-07-20 22:50:50 : Action: 6  Val acc: 0.70379  reward: -0.50000
2024-07-20 22:50:50 : Meta-path Set: [[['2', '1']], [['1', '2'], ['3', '8'], ['1', '2', '3', '8']]]
2024-07-20 22:50:50 : Eval Step: 5
2024-07-20 22:52:04 : Action: 5  Val acc: 0.70880  reward: 0.02501
2024-07-20 22:52:04 : Meta-path Set: [[['2', '1']], [['1', '2'], ['5', '10'], ['1', '2', '3', '8'], ['3', '8']]]
2024-07-20 22:52:04 : Generated meta-path set: [[['2', '1']], [['1', '2'], ['5', '10'], ['1', '2', '3', '8'], ['3', '8']]]
2024-07-20 22:52:04 : Training Item Meta-policy: 14    Val_Acc: 0.70880    Avg_reward: 0.02501    Best_Acc:  0.71245    Best_i: 3 
2024-07-20 22:52:04 : 
2024-07-20 22:52:04 : Eval Step: 3
2024-07-20 22:52:04 : Action: 3  Val acc: 0.70628  reward: 0.50000
2024-07-20 22:52:04 : Meta-path Set: [[['2', '1']], [['1', '2'], ['1', '2', '3', '8'], ['3', '8']]]
2024-07-20 22:52:04 : Eval Step: 5
2024-07-20 22:53:19 : Action: 5  Val acc: 0.70880  reward: 0.01256
2024-07-20 22:53:19 : Meta-path Set: [[['2', '1']], [['1', '2'], ['5', '10'], ['1', '2', '3', '8'], ['3', '8']]]
2024-07-20 22:53:19 : Eval Step: 7
2024-07-20 22:53:19 : Action: 7  Val acc: 0.71226  reward: 0.01734
2024-07-20 22:53:19 : Meta-path Set: [[['2', '1']], [['1', '7', '2'], ['1', '2'], ['5', '10'], ['1', '2', '3', '8'], ['3', '8']]]
2024-07-20 22:53:19 : Eval Step: 0
2024-07-20 22:54:37 : Action: 0  Val acc: 0.71226  reward: 0.00000
2024-07-20 22:54:37 : Meta-path Set: [[['2', '1']], [['1', '7', '2'], ['1', '2'], ['5', '10'], ['1', '2', '3', '8'], ['3', '8']]]
2024-07-20 22:54:37 : Generated meta-path set: [[['2', '1']], [['1', '7', '2'], ['1', '2'], ['5', '10'], ['1', '2', '3', '8'], ['3', '8']]]
2024-07-20 22:54:37 : Training Item Meta-policy: 15    Val_Acc: 0.71226    Avg_reward: 0.00000    Best_Acc:  0.71245    Best_i: 3 
2024-07-20 22:54:37 : 
2024-07-20 22:54:37 : Eval Step: 3
2024-07-20 22:54:37 : Action: 3  Val acc: 0.70628  reward: 0.50000
2024-07-20 22:54:37 : Meta-path Set: [[['2', '1']], [['1', '2'], ['1', '2', '3', '8'], ['3', '8']]]
2024-07-20 22:54:37 : Eval Step: 5
2024-07-20 22:56:12 : Action: 7  Val acc: 0.70334  reward: -0.01474
2024-07-20 22:56:12 : Meta-path Set: [[['2', '1']], [['1', '2'], ['1', '7', '2'], ['1', '2', '3', '8'], ['3', '8']]]
2024-07-20 22:56:12 : Eval Step: 2
2024-07-20 22:57:47 : Action: 2  Val acc: 0.70214  reward: -0.50000
2024-07-20 22:57:47 : Meta-path Set: [[['2', '1']], [['1', '7', '2'], ['1', '2'], ['1', '2', '3', '8'], ['3', '8']]]
2024-07-20 22:57:47 : Eval Step: 2
2024-07-20 22:59:00 : Action: 2  Val acc: 0.70214  reward: -0.50000
2024-07-20 22:59:00 : Meta-path Set: [[['2', '1']], [['1', '7', '2'], ['1', '2'], ['1', '2', '3', '8'], ['3', '8']]]
2024-07-20 22:59:00 : Generated meta-path set: [[['2', '1']], [['1', '7', '2'], ['1', '2'], ['1', '2', '3', '8'], ['3', '8']]]
2024-07-20 22:59:00 : Training Item Meta-policy: 16    Val_Acc: 0.70214    Avg_reward: -0.50000    Best_Acc:  0.71245    Best_i: 3 
2024-07-20 22:59:00 : 
2024-07-20 22:59:00 : Eval Step: 3
2024-07-20 22:59:00 : Action: 3  Val acc: 0.70628  reward: 0.50000
2024-07-20 22:59:00 : Meta-path Set: [[['2', '1']], [['1', '2'], ['1', '2', '3', '8'], ['3', '8']]]
2024-07-20 22:59:00 : Eval Step: 5
2024-07-20 23:00:14 : Action: 5  Val acc: 0.70880  reward: 0.01256
2024-07-20 23:00:14 : Meta-path Set: [[['2', '1']], [['1', '2'], ['5', '10'], ['1', '2', '3', '8'], ['3', '8']]]
2024-07-20 23:00:14 : Eval Step: 7
2024-07-20 23:01:28 : Action: 6  Val acc: 0.70880  reward: -0.50000
2024-07-20 23:01:28 : Meta-path Set: [[['2', '1']], [['1', '2'], ['5', '10'], ['1', '2', '3', '8'], ['3', '8']]]
2024-07-20 23:01:28 : Eval Step: 7
2024-07-20 23:01:28 : Action: 7  Val acc: 0.71226  reward: 0.01734
2024-07-20 23:01:28 : Meta-path Set: [[['2', '1']], [['1', '7', '2'], ['1', '2'], ['5', '10'], ['1', '2', '3', '8'], ['3', '8']]]
2024-07-20 23:01:28 : Generated meta-path set: [[['2', '1']], [['1', '7', '2'], ['1', '2'], ['5', '10'], ['1', '2', '3', '8'], ['3', '8']]]
2024-07-20 23:01:28 : Training Item Meta-policy: 17    Val_Acc: 0.71226    Avg_reward: 0.01734    Best_Acc:  0.71245    Best_i: 3 
2024-07-20 23:01:28 : 
2024-07-20 23:01:28 : Eval Step: 3
2024-07-20 23:01:28 : Action: 3  Val acc: 0.70628  reward: 0.50000
2024-07-20 23:01:28 : Meta-path Set: [[['2', '1']], [['1', '2'], ['1', '2', '3', '8'], ['3', '8']]]
2024-07-20 23:01:28 : Eval Step: 5
2024-07-20 23:02:42 : Action: 5  Val acc: 0.70880  reward: 0.01256
2024-07-20 23:02:42 : Meta-path Set: [[['2', '1']], [['1', '2'], ['5', '10'], ['1', '2', '3', '8'], ['3', '8']]]
2024-07-20 23:02:42 : Eval Step: 7
2024-07-20 23:03:56 : Action: 0  Val acc: 0.70880  reward: 0.00000
2024-07-20 23:03:56 : Meta-path Set: [[['2', '1']], [['1', '2'], ['5', '10'], ['1', '2', '3', '8'], ['3', '8']]]
2024-07-20 23:03:56 : Eval Step: 7
2024-07-20 23:03:56 : Action: 4  Val acc: 0.70773  reward: -0.00534
2024-07-20 23:03:56 : Meta-path Set: [[['2', '1']], [['4', '9'], ['3', '8', '4', '9'], ['1', '2', '4', '9'], ['1', '2'], ['5', '10'], ['5', '10', '4', '9'], ['1', '2', '3', '8'], ['3', '8']]]
2024-07-20 23:03:56 : Generated meta-path set: [[['2', '1']], [['4', '9'], ['3', '8', '4', '9'], ['1', '2', '4', '9'], ['1', '2'], ['5', '10'], ['5', '10', '4', '9'], ['1', '2', '3', '8'], ['3', '8']]]
2024-07-20 23:03:56 : Training Item Meta-policy: 18    Val_Acc: 0.70773    Avg_reward: -0.00534    Best_Acc:  0.71245    Best_i: 3 
2024-07-20 23:03:56 : 
2024-07-20 23:03:56 : Eval Step: 3
2024-07-20 23:03:56 : Action: 7  Val acc: 0.71040  reward: 0.50000
2024-07-20 23:03:56 : Meta-path Set: [[['2', '1']], [['1', '2'], ['1', '7', '2']]]
2024-07-20 23:03:56 : Eval Step: 4
2024-07-20 23:06:16 : Action: 4  Val acc: 0.70876  reward: -0.00818
2024-07-20 23:06:16 : Meta-path Set: [[['2', '1']], [['1', '7', '2'], ['4', '9'], ['1', '2', '4', '9'], ['1', '2'], ['1', '7', '2', '4', '9']]]
2024-07-20 23:06:16 : Eval Step: 6
2024-07-20 23:07:58 : Action: 6  Val acc: 0.70723  reward: -0.50000
2024-07-20 23:07:58 : Meta-path Set: [[['2', '1']], [['4', '9'], ['1', '7', '2'], ['1', '2', '4', '9'], ['1', '2'], ['1', '7', '2', '4', '9']]]
2024-07-20 23:07:58 : Eval Step: 6
2024-07-20 23:09:15 : Action: 6  Val acc: 0.70723  reward: -0.50000
2024-07-20 23:09:15 : Meta-path Set: [[['2', '1']], [['4', '9'], ['1', '7', '2'], ['1', '2', '4', '9'], ['1', '2'], ['1', '7', '2', '4', '9']]]
2024-07-20 23:09:15 : Generated meta-path set: [[['2', '1']], [['4', '9'], ['1', '7', '2'], ['1', '2', '4', '9'], ['1', '2'], ['1', '7', '2', '4', '9']]]
2024-07-20 23:09:15 : Training Item Meta-policy: 19    Val_Acc: 0.70723    Avg_reward: -0.50000    Best_Acc:  0.71245    Best_i: 3 
2024-07-20 23:09:15 : 
2024-07-20 23:09:15 : Eval Step: 3
2024-07-20 23:09:15 : Action: 3  Val acc: 0.70628  reward: 0.50000
2024-07-20 23:09:15 : Meta-path Set: [[['2', '1']], [['1', '2'], ['1', '2', '3', '8'], ['3', '8']]]
2024-07-20 23:09:15 : Eval Step: 5
2024-07-20 23:10:29 : Action: 5  Val acc: 0.70880  reward: 0.01256
2024-07-20 23:10:29 : Meta-path Set: [[['2', '1']], [['1', '2'], ['5', '10'], ['1', '2', '3', '8'], ['3', '8']]]
2024-07-20 23:10:29 : Eval Step: 6
2024-07-20 23:15:04 : Action: 1  Val acc: 0.71638  reward: 0.03791
2024-07-20 23:15:04 : Meta-path Set: [[['2', '1']], [['1', '2'], ['5', '10'], ['3', '8', '1', '2'], ['1', '2', '3', '8'], ['3', '8']]]
2024-07-20 23:15:04 : Eval Step: 7
2024-07-20 23:16:53 : Action: 7  Val acc: 0.71258  reward: -0.01898
2024-07-20 23:16:53 : Meta-path Set: [[['2', '1']], [['1', '7', '2'], ['1', '2'], ['5', '10'], ['3', '8', '1', '2'], ['1', '2', '3', '8'], ['3', '8']]]
2024-07-20 23:16:53 : Generated meta-path set: [[['2', '1']], [['1', '7', '2'], ['1', '2'], ['5', '10'], ['3', '8', '1', '2'], ['1', '2', '3', '8'], ['3', '8']]]
2024-07-20 23:16:53 : Training Item Meta-policy: 20    Val_Acc: 0.71258    Avg_reward: -0.01898    Best_Acc:  0.71258    Best_i: 20 
2024-07-20 23:16:53 : 
2024-07-20 23:16:53 : Training GNNs with learned meta-policy. Evaluate NDCG10
2024-07-20 23:16:53 : Action: 4  Val acc: 0.00000  reward: -0.50000
2024-07-20 23:16:53 : Meta-path Set: [[['2', '1'], ['2', '4', '9', '1']], [['1', '2']]]
2024-07-20 23:16:53 : Meta-path set: [[['2', '1'], ['2', '4', '9', '1']], [['1', '2']]]
2024-07-20 23:16:57 : Action: 4  Val acc: 0.00000  reward: 0.00000
2024-07-20 23:16:57 : Meta-path Set: [[['2', '1'], ['2', '4', '9', '1']], [['1', '2', '4', '9'], ['1', '2'], ['4', '9']]]
2024-07-20 23:16:57 : Meta-path set: [[['2', '1'], ['2', '4', '9', '1']], [['1', '2', '4', '9'], ['1', '2'], ['4', '9']]]
2024-07-20 23:17:01 : Action: 3  Val acc: 0.00000  reward: 0.00000
2024-07-20 23:17:01 : Meta-path Set: [[['2', '3', '8', '1'], ['2', '1'], ['2', '4', '9', '1']], [['1', '2', '4', '9'], ['1', '2'], ['4', '9']]]
2024-07-20 23:17:01 : Meta-path set: [[['2', '3', '8', '1'], ['2', '1'], ['2', '4', '9', '1']], [['1', '2', '4', '9'], ['1', '2'], ['4', '9']]]
2024-07-20 23:17:06 : Action: 3  Val acc: 0.00000  reward: 0.00000
2024-07-20 23:17:06 : Meta-path Set: [[['2', '3', '8', '1'], ['2', '1'], ['2', '4', '9', '1']], [['4', '9'], ['1', '2', '4', '9'], ['1', '2'], ['4', '9', '3', '8'], ['1', '2', '3', '8'], ['3', '8']]]
2024-07-20 23:17:06 : Meta-path set: [[['2', '3', '8', '1'], ['2', '1'], ['2', '4', '9', '1']], [['4', '9'], ['1', '2', '4', '9'], ['1', '2'], ['4', '9', '3', '8'], ['1', '2', '3', '8'], ['3', '8']]]
2024-07-20 23:17:10 : Action: 2  Val acc: 0.00000  reward: -0.50000
2024-07-20 23:17:10 : Meta-path Set: [[['2', '3', '8', '1'], ['2', '4', '9', '1'], ['2', '1']], [['4', '9'], ['1', '2', '4', '9'], ['1', '2'], ['4', '9', '3', '8'], ['1', '2', '3', '8'], ['3', '8']]]
2024-07-20 23:17:10 : Meta-path set: [[['2', '3', '8', '1'], ['2', '4', '9', '1'], ['2', '1']], [['4', '9'], ['1', '2', '4', '9'], ['1', '2'], ['4', '9', '3', '8'], ['1', '2', '3', '8'], ['3', '8']]]
2024-07-20 23:17:15 : Action: 7  Val acc: 0.00000  reward: 0.00000
2024-07-20 23:17:15 : Meta-path Set: [[['2', '3', '8', '1'], ['2', '4', '9', '1'], ['2', '1']], [['1', '7', '2'], ['4', '9'], ['1', '2', '4', '9'], ['1', '2'], ['4', '9', '3', '8'], ['1', '2', '3', '8'], ['3', '8']]]
2024-07-20 23:17:15 : Meta-path set: [[['2', '3', '8', '1'], ['2', '4', '9', '1'], ['2', '1']], [['1', '7', '2'], ['4', '9'], ['1', '2', '4', '9'], ['1', '2'], ['4', '9', '3', '8'], ['1', '2', '3', '8'], ['3', '8']]]
2024-07-20 23:17:20 : Action: 2  Val acc: 0.00000  reward: -0.50000
2024-07-20 23:17:20 : Meta-path Set: [[['2', '3', '8', '1'], ['2', '1'], ['2', '4', '9', '1']], [['1', '7', '2'], ['4', '9'], ['1', '2', '4', '9'], ['1', '2'], ['4', '9', '3', '8'], ['1', '2', '3', '8'], ['3', '8']]]
2024-07-20 23:17:20 : Meta-path set: [[['2', '3', '8', '1'], ['2', '1'], ['2', '4', '9', '1']], [['1', '7', '2'], ['4', '9'], ['1', '2', '4', '9'], ['1', '2'], ['4', '9', '3', '8'], ['1', '2', '3', '8'], ['3', '8']]]
2024-07-20 23:17:25 : Action: 4  Val acc: 0.00000  reward: 0.00000
2024-07-20 23:17:25 : Meta-path Set: [[['2', '3', '8', '1'], ['2', '1'], ['2', '4', '9', '1']], [['1', '7', '2'], ['3', '8', '4', '9'], ['4', '9'], ['1', '2', '4', '9'], ['1', '2'], ['4', '9', '4', '9'], ['4', '9', '3', '8'], ['1', '7', '2', '4', '9'], ['1', '2', '3', '8'], ['3', '8']]]
2024-07-20 23:17:25 : Meta-path set: [[['2', '3', '8', '1'], ['2', '1'], ['2', '4', '9', '1']], [['1', '7', '2'], ['3', '8', '4', '9'], ['4', '9'], ['1', '2', '4', '9'], ['1', '2'], ['4', '9', '4', '9'], ['4', '9', '3', '8'], ['1', '7', '2', '4', '9'], ['1', '2', '3', '8'], ['3', '8']]]
2024-07-20 23:46:21 : Eval Step: 6
2024-08-04 00:34:20 : Eval Step: 6
2024-08-04 00:37:00 : Action: 5  Val acc: 0.66771  reward: -0.50000
2024-08-04 00:37:00 : Meta-path Set: [[['2', '1']], [['1', '2']]]
2024-08-04 00:37:00 : Eval Step: 5
2024-08-04 00:40:12 : Action: 4  Val acc: 0.69784  reward: 0.15067
2024-08-04 00:40:12 : Meta-path Set: [[['2', '4', '9', '1'], ['2', '1']], [['1', '2']]]
2024-08-04 00:40:12 : Generated meta-path set: [[['2', '4', '9', '1'], ['2', '1']], [['1', '2']]]
2024-08-04 00:40:12 : Training User Meta-policy: 1    Val_Acc: 0.69784    Avg_reward: 0.15067    Best_Acc:  0.69784    Best_i: 1 
2024-08-04 00:40:12 : Eval Step: 4
2024-08-04 00:40:12 : Action: 4  Val acc: 0.69784  reward: 0.50000
2024-08-04 00:40:12 : Meta-path Set: [[['2', '4', '9', '1'], ['2', '1']], [['1', '2']]]
2024-08-04 00:40:12 : Eval Step: 2
2024-08-04 00:41:40 : Action: 5  Val acc: 0.69784  reward: -0.50000
2024-08-04 00:41:40 : Meta-path Set: [[['2', '4', '9', '1'], ['2', '1']], [['1', '2']]]
2024-08-04 00:41:40 : Generated meta-path set: [[['2', '4', '9', '1'], ['2', '1']], [['1', '2']]]
2024-08-04 00:41:40 : Training User Meta-policy: 2    Val_Acc: 0.69784    Avg_reward: -0.50000    Best_Acc:  0.69784    Best_i: 1 
2024-08-04 00:41:40 : Training Meta-policy on Validation Set
2024-08-04 00:41:40 : Eval Step: 6
2024-08-04 00:44:42 : Action: 5  Val acc: 0.69314  reward: 0.50000
2024-08-04 00:44:42 : Meta-path Set: [[['2', '1']], [['5', '10'], ['1', '2']]]
2024-08-04 00:44:42 : Eval Step: 6
2024-08-04 00:49:21 : Action: 4  Val acc: 0.70536  reward: 0.06113
2024-08-04 00:49:21 : Meta-path Set: [[['2', '1']], [['1', '2', '4', '9'], ['5', '10'], ['5', '10', '4', '9'], ['1', '2'], ['4', '9']]]
2024-08-04 00:49:21 : Generated meta-path set: [[['2', '1']], [['1', '2', '4', '9'], ['5', '10'], ['5', '10', '4', '9'], ['1', '2'], ['4', '9']]]
2024-08-04 00:49:21 : Training Item Meta-policy: 1    Val_Acc: 0.70536    Avg_reward: 0.06113    Best_Acc:  0.70536    Best_i: 1 
2024-08-04 00:49:21 : Eval Step: 1
2024-08-04 00:51:12 : Action: 4  Val acc: 0.69479  reward: 0.50000
2024-08-04 00:51:12 : Meta-path Set: [[['2', '1']], [['4', '9'], ['1', '2', '4', '9'], ['1', '2']]]
2024-08-04 00:51:12 : Eval Step: 2
2024-08-04 00:53:04 : Action: 4  Val acc: 0.70440  reward: 0.04806
2024-08-04 00:53:04 : Meta-path Set: [[['2', '1']], [['4', '9', '4', '9'], ['1', '2', '4', '9'], ['4', '9'], ['1', '2']]]
2024-08-04 00:53:04 : Generated meta-path set: [[['2', '1']], [['4', '9', '4', '9'], ['1', '2', '4', '9'], ['4', '9'], ['1', '2']]]
2024-08-04 00:53:04 : Training Item Meta-policy: 2    Val_Acc: 0.70440    Avg_reward: 0.04806    Best_Acc:  0.70536    Best_i: 1 
2024-08-04 00:53:04 : Training GNNs with learned meta-policy. Evaluate NDCG10
2024-08-04 00:53:04 : Action: 4  Val acc: 0.00000  reward: -0.50000
2024-08-04 00:53:04 : Meta-path Set: [[['2', '4', '9', '1'], ['2', '1']], [['1', '2']]]
2024-08-04 00:53:04 : Meta-path set: [[['2', '4', '9', '1'], ['2', '1']], [['1', '2']]]
2024-08-04 00:53:08 : Action: 4  Val acc: 0.00000  reward: 0.00000
2024-08-04 00:53:08 : Meta-path Set: [[['2', '4', '9', '1'], ['2', '1']], [['4', '9'], ['1', '2', '4', '9'], ['1', '2']]]
2024-08-04 00:53:08 : Meta-path set: [[['2', '4', '9', '1'], ['2', '1']], [['4', '9'], ['1', '2', '4', '9'], ['1', '2']]]
2024-08-04 00:54:44 : Action: 2  Val acc: 0.00000  reward: -0.50000
2024-08-04 00:54:44 : Meta-path Set: [[['2', '4', '9', '1'], ['2', '1']], [['4', '9'], ['1', '2', '4', '9'], ['1', '2']]]
2024-08-04 00:54:44 : Meta-path set: [[['2', '4', '9', '1'], ['2', '1']], [['4', '9'], ['1', '2', '4', '9'], ['1', '2']]]
2024-08-04 00:56:04 : Action: 2  Val acc: 0.00000  reward: -0.50000
2024-08-04 00:56:04 : Meta-path Set: [[['2', '4', '9', '1'], ['2', '1']], [['4', '9'], ['1', '2', '4', '9'], ['1', '2']]]
2024-08-04 00:56:04 : Meta-path set: [[['2', '4', '9', '1'], ['2', '1']], [['4', '9'], ['1', '2', '4', '9'], ['1', '2']]]
2024-08-04 00:56:06 : Start testing meta-path set generated by RL agent
2024-08-04 00:56:06 : Generated meta-path set: [[['2', '4', '9', '1'], ['2', '1']], [['4', '9'], ['1', '2', '4', '9'], ['1', '2']]]
2024-08-04 01:01:52 : HR1 : 0.0011, HR3 : 0.0032, HR10 : 0.0103, HR20 : 0.0205, NDCG10 : 0.0047, NDCG20 : 0.0073
2024-08-04 01:01:52 : Best Accuracy: 0.00470	Best_i : 0
2024-08-04 01:04:52 : HR1 : 0.0616, HR3 : 0.1475, HR10 : 0.3321, HR20 : 0.4835, NDCG10 : 0.1759, NDCG20 : 0.2140
2024-08-04 01:04:52 : Best Accuracy: 0.17592	Best_i : 1
2024-08-04 01:07:57 : HR1 : 0.0672, HR3 : 0.1502, HR10 : 0.3327, HR20 : 0.4814, NDCG10 : 0.1792, NDCG20 : 0.2166
2024-08-04 01:07:57 : Best Accuracy: 0.17919	Best_i : 2
2024-08-04 01:10:56 : HR1 : 0.0678, HR3 : 0.1615, HR10 : 0.3583, HR20 : 0.5133, NDCG10 : 0.1910, NDCG20 : 0.2300
2024-08-04 01:10:56 : Best Accuracy: 0.19096	Best_i : 3
2024-08-04 01:13:56 : HR1 : 0.0692, HR3 : 0.1625, HR10 : 0.3551, HR20 : 0.5099, NDCG10 : 0.1905, NDCG20 : 0.2295
2024-08-04 01:13:56 : Best Accuracy: 0.19096	Best_i : 3
2024-08-04 01:17:01 : HR1 : 0.0701, HR3 : 0.1632, HR10 : 0.3551, HR20 : 0.5109, NDCG10 : 0.1911, NDCG20 : 0.2303
2024-08-04 01:17:01 : Best Accuracy: 0.19107	Best_i : 5
2024-08-04 01:20:08 : HR1 : 0.0651, HR3 : 0.1580, HR10 : 0.3547, HR20 : 0.5147, NDCG10 : 0.1876, NDCG20 : 0.2279
2024-08-04 01:20:08 : Best Accuracy: 0.19107	Best_i : 5
2024-08-04 01:23:31 : HR1 : 0.0749, HR3 : 0.1763, HR10 : 0.3754, HR20 : 0.5338, NDCG10 : 0.2033, NDCG20 : 0.2432
2024-08-04 01:23:31 : Best Accuracy: 0.20328	Best_i : 7
2024-08-04 01:26:33 : HR1 : 0.0748, HR3 : 0.1765, HR10 : 0.3782, HR20 : 0.5377, NDCG10 : 0.2042, NDCG20 : 0.2444
2024-08-04 01:26:33 : Best Accuracy: 0.20417	Best_i : 8
2024-08-04 01:29:34 : HR1 : 0.0837, HR3 : 0.1869, HR10 : 0.3884, HR20 : 0.5465, NDCG10 : 0.2141, NDCG20 : 0.2540
2024-08-04 01:29:34 : Best Accuracy: 0.21413	Best_i : 9
2024-08-04 01:32:37 : HR1 : 0.0825, HR3 : 0.1857, HR10 : 0.3870, HR20 : 0.5442, NDCG10 : 0.2128, NDCG20 : 0.2524
2024-08-04 01:32:37 : Best Accuracy: 0.21413	Best_i : 9
2024-08-04 01:36:00 : HR1 : 0.0871, HR3 : 0.1914, HR10 : 0.3945, HR20 : 0.5521, NDCG10 : 0.2188, NDCG20 : 0.2585
2024-08-04 01:36:00 : Best Accuracy: 0.21875	Best_i : 11
2024-08-04 01:39:04 : HR1 : 0.0863, HR3 : 0.1923, HR10 : 0.3982, HR20 : 0.5551, NDCG10 : 0.2200, NDCG20 : 0.2595
2024-08-04 01:39:04 : Best Accuracy: 0.21999	Best_i : 12
2024-08-04 01:42:06 : HR1 : 0.0836, HR3 : 0.1911, HR10 : 0.3988, HR20 : 0.5565, NDCG10 : 0.2188, NDCG20 : 0.2586
2024-08-04 01:42:06 : Best Accuracy: 0.21999	Best_i : 12
2024-08-04 01:45:08 : HR1 : 0.0823, HR3 : 0.1890, HR10 : 0.3978, HR20 : 0.5563, NDCG10 : 0.2173, NDCG20 : 0.2573
2024-08-04 01:45:08 : Best Accuracy: 0.21999	Best_i : 12
2024-08-04 01:48:13 : HR1 : 0.0887, HR3 : 0.1956, HR10 : 0.4025, HR20 : 0.5602, NDCG10 : 0.2233, NDCG20 : 0.2631
2024-08-04 01:48:13 : Best Accuracy: 0.22331	Best_i : 15
2024-08-04 01:51:15 : HR1 : 0.0914, HR3 : 0.2018, HR10 : 0.4088, HR20 : 0.5664, NDCG10 : 0.2282, NDCG20 : 0.2679
2024-08-04 01:51:15 : Best Accuracy: 0.22823	Best_i : 16
2024-08-04 01:54:19 : HR1 : 0.0907, HR3 : 0.2014, HR10 : 0.4134, HR20 : 0.5720, NDCG10 : 0.2294, NDCG20 : 0.2693
2024-08-04 01:54:19 : Best Accuracy: 0.22936	Best_i : 17
2024-08-04 01:57:23 : HR1 : 0.0885, HR3 : 0.1971, HR10 : 0.4083, HR20 : 0.5650, NDCG10 : 0.2257, NDCG20 : 0.2652
2024-08-04 01:57:23 : Best Accuracy: 0.22936	Best_i : 17
2024-08-04 02:00:24 : HR1 : 0.0974, HR3 : 0.2112, HR10 : 0.4215, HR20 : 0.5794, NDCG10 : 0.2372, NDCG20 : 0.2771
2024-08-04 02:00:24 : Best Accuracy: 0.23721	Best_i : 19
2024-08-04 02:03:27 : HR1 : 0.0891, HR3 : 0.1998, HR10 : 0.4128, HR20 : 0.5724, NDCG10 : 0.2280, NDCG20 : 0.2683
2024-08-04 02:03:27 : Best Accuracy: 0.23721	Best_i : 19
2024-08-04 02:06:30 : HR1 : 0.0945, HR3 : 0.2078, HR10 : 0.4175, HR20 : 0.5732, NDCG10 : 0.2337, NDCG20 : 0.2730
2024-08-04 02:06:30 : Best Accuracy: 0.23721	Best_i : 19
2024-08-04 02:09:40 : HR1 : 0.0966, HR3 : 0.2066, HR10 : 0.4176, HR20 : 0.5766, NDCG10 : 0.2344, NDCG20 : 0.2745
2024-08-04 02:09:40 : Best Accuracy: 0.23721	Best_i : 19
2024-08-04 02:12:49 : HR1 : 0.0957, HR3 : 0.2086, HR10 : 0.4224, HR20 : 0.5818, NDCG10 : 0.2362, NDCG20 : 0.2765
2024-08-04 02:12:49 : Best Accuracy: 0.23721	Best_i : 19
2024-08-04 02:15:56 : HR1 : 0.0953, HR3 : 0.2053, HR10 : 0.4181, HR20 : 0.5780, NDCG10 : 0.2340, NDCG20 : 0.2743
2024-08-04 02:15:56 : Best Accuracy: 0.23721	Best_i : 19
2024-08-04 02:19:05 : HR1 : 0.0923, HR3 : 0.2056, HR10 : 0.4218, HR20 : 0.5802, NDCG10 : 0.2340, NDCG20 : 0.2740
2024-08-04 02:19:05 : Best Accuracy: 0.23721	Best_i : 19
2024-08-04 02:22:09 : HR1 : 0.0963, HR3 : 0.2096, HR10 : 0.4240, HR20 : 0.5812, NDCG10 : 0.2372, NDCG20 : 0.2769
2024-08-04 02:22:09 : Best Accuracy: 0.23725	Best_i : 26
2024-08-04 02:25:16 : HR1 : 0.0966, HR3 : 0.2096, HR10 : 0.4232, HR20 : 0.5813, NDCG10 : 0.2370, NDCG20 : 0.2770
2024-08-04 02:25:16 : Best Accuracy: 0.23725	Best_i : 26
2024-08-04 02:28:21 : HR1 : 0.0933, HR3 : 0.2061, HR10 : 0.4217, HR20 : 0.5798, NDCG10 : 0.2347, NDCG20 : 0.2746
2024-08-04 02:28:21 : Best Accuracy: 0.23725	Best_i : 26
2024-08-04 02:31:29 : HR1 : 0.0965, HR3 : 0.2096, HR10 : 0.4244, HR20 : 0.5836, NDCG10 : 0.2375, NDCG20 : 0.2776
2024-08-04 02:31:29 : Best Accuracy: 0.23748	Best_i : 29
2024-08-04 02:34:35 : HR1 : 0.0967, HR3 : 0.2124, HR10 : 0.4252, HR20 : 0.5835, NDCG10 : 0.2385, NDCG20 : 0.2785
2024-08-04 02:34:35 : Best Accuracy: 0.23850	Best_i : 30
2024-08-04 02:37:46 : HR1 : 0.0983, HR3 : 0.2137, HR10 : 0.4274, HR20 : 0.5849, NDCG10 : 0.2402, NDCG20 : 0.2800
2024-08-04 02:37:46 : Best Accuracy: 0.24024	Best_i : 31
2024-08-04 02:40:54 : HR1 : 0.0922, HR3 : 0.2024, HR10 : 0.4156, HR20 : 0.5755, NDCG10 : 0.2308, NDCG20 : 0.2711
2024-08-04 02:40:54 : Best Accuracy: 0.24024	Best_i : 31
2024-08-04 02:43:57 : HR1 : 0.0983, HR3 : 0.2131, HR10 : 0.4253, HR20 : 0.5843, NDCG10 : 0.2392, NDCG20 : 0.2793
2024-08-04 02:43:57 : Best Accuracy: 0.24024	Best_i : 31
2024-08-04 02:47:18 : HR1 : 0.0951, HR3 : 0.2107, HR10 : 0.4241, HR20 : 0.5840, NDCG10 : 0.2369, NDCG20 : 0.2773
2024-08-04 02:47:18 : Best Accuracy: 0.24024	Best_i : 31
2024-08-04 02:50:22 : HR1 : 0.0961, HR3 : 0.2086, HR10 : 0.4195, HR20 : 0.5777, NDCG10 : 0.2353, NDCG20 : 0.2752
2024-08-04 02:50:22 : Best Accuracy: 0.24024	Best_i : 31
2024-08-04 02:53:24 : HR1 : 0.0994, HR3 : 0.2129, HR10 : 0.4267, HR20 : 0.5852, NDCG10 : 0.2402, NDCG20 : 0.2802
2024-08-04 02:53:24 : Best Accuracy: 0.24024	Best_i : 31
2024-08-04 02:56:27 : HR1 : 0.0995, HR3 : 0.2164, HR10 : 0.4285, HR20 : 0.5863, NDCG10 : 0.2416, NDCG20 : 0.2815
2024-08-04 02:56:28 : Best Accuracy: 0.24163	Best_i : 37
2024-08-04 02:59:30 : HR1 : 0.0951, HR3 : 0.2085, HR10 : 0.4238, HR20 : 0.5841, NDCG10 : 0.2363, NDCG20 : 0.2768
2024-08-04 02:59:30 : Best Accuracy: 0.24163	Best_i : 37
2024-08-04 03:02:34 : HR1 : 0.0995, HR3 : 0.2150, HR10 : 0.4280, HR20 : 0.5855, NDCG10 : 0.2412, NDCG20 : 0.2809
2024-08-04 03:02:34 : Best Accuracy: 0.24163	Best_i : 37
2024-08-04 03:05:40 : HR1 : 0.0983, HR3 : 0.2145, HR10 : 0.4261, HR20 : 0.5845, NDCG10 : 0.2400, NDCG20 : 0.2800
2024-08-04 03:05:40 : Best Accuracy: 0.24163	Best_i : 37
2024-08-04 03:08:44 : HR1 : 0.0961, HR3 : 0.2106, HR10 : 0.4215, HR20 : 0.5800, NDCG10 : 0.2367, NDCG20 : 0.2767
2024-08-04 03:08:44 : Best Accuracy: 0.24163	Best_i : 37
2024-08-04 03:11:48 : HR1 : 0.0985, HR3 : 0.2150, HR10 : 0.4297, HR20 : 0.5870, NDCG10 : 0.2416, NDCG20 : 0.2813
2024-08-04 03:11:48 : Best Accuracy: 0.24163	Best_i : 37
2024-08-04 03:14:52 : HR1 : 0.0964, HR3 : 0.2106, HR10 : 0.4249, HR20 : 0.5833, NDCG10 : 0.2379, NDCG20 : 0.2779
2024-08-04 03:14:52 : Best Accuracy: 0.24163	Best_i : 37
2024-08-04 03:17:55 : HR1 : 0.0986, HR3 : 0.2154, HR10 : 0.4298, HR20 : 0.5856, NDCG10 : 0.2415, NDCG20 : 0.2808
2024-08-04 03:17:55 : Best Accuracy: 0.24163	Best_i : 37
2024-08-04 03:20:59 : HR1 : 0.0963, HR3 : 0.2122, HR10 : 0.4264, HR20 : 0.5840, NDCG10 : 0.2387, NDCG20 : 0.2784
2024-08-04 03:20:59 : Best Accuracy: 0.24163	Best_i : 37
2024-08-04 03:24:04 : HR1 : 0.0970, HR3 : 0.2122, HR10 : 0.4285, HR20 : 0.5864, NDCG10 : 0.2397, NDCG20 : 0.2796
2024-08-04 03:24:04 : Best Accuracy: 0.24163	Best_i : 37
2024-08-04 03:27:09 : HR1 : 0.0996, HR3 : 0.2155, HR10 : 0.4292, HR20 : 0.5856, NDCG10 : 0.2416, NDCG20 : 0.2810
2024-08-04 03:27:09 : Best Accuracy: 0.24163	Best_i : 37
2024-08-04 03:30:13 : HR1 : 0.0967, HR3 : 0.2119, HR10 : 0.4248, HR20 : 0.5833, NDCG10 : 0.2383, NDCG20 : 0.2783
2024-08-04 03:30:13 : Best Accuracy: 0.24163	Best_i : 37
2024-08-04 03:33:17 : HR1 : 0.0965, HR3 : 0.2107, HR10 : 0.4247, HR20 : 0.5825, NDCG10 : 0.2376, NDCG20 : 0.2774
2024-08-04 03:33:17 : Best Accuracy: 0.24163	Best_i : 37
2024-08-04 03:36:19 : HR1 : 0.0952, HR3 : 0.2086, HR10 : 0.4240, HR20 : 0.5811, NDCG10 : 0.2366, NDCG20 : 0.2763
2024-08-04 03:36:19 : Best Accuracy: 0.24163	Best_i : 37
2024-08-04 03:39:24 : HR1 : 0.0946, HR3 : 0.2102, HR10 : 0.4262, HR20 : 0.5832, NDCG10 : 0.2374, NDCG20 : 0.2771
2024-08-04 03:39:24 : Best Accuracy: 0.24163	Best_i : 37
2024-08-04 05:42:01 : Eval Step: 6
2024-08-04 05:44:32 : Action: 5  Val acc: 0.69959  reward: -0.50000
2024-08-04 05:44:32 : Meta-path Set: [[['2', '1']], [['1', '2']]]
2024-08-04 05:44:32 : Eval Step: 5
2024-08-04 05:47:40 : Action: 4  Val acc: 0.71164  reward: 0.06023
2024-08-04 05:47:40 : Meta-path Set: [[['2', '1'], ['2', '4', '9', '1']], [['1', '2']]]
2024-08-04 05:47:40 : Generated meta-path set: [[['2', '1'], ['2', '4', '9', '1']], [['1', '2']]]
2024-08-04 05:47:40 : Training User Meta-policy: 1    Val_Acc: 0.71164    Avg_reward: 0.06023    Best_Acc:  0.71164    Best_i: 1 
2024-08-04 05:47:40 : Eval Step: 4
2024-08-04 05:47:40 : Action: 4  Val acc: 0.71164  reward: 0.50000
2024-08-04 05:47:40 : Meta-path Set: [[['2', '1'], ['2', '4', '9', '1']], [['1', '2']]]
2024-08-04 05:47:40 : Eval Step: 2
2024-08-04 05:49:01 : Action: 5  Val acc: 0.71164  reward: -0.50000
2024-08-04 05:49:01 : Meta-path Set: [[['2', '1'], ['2', '4', '9', '1']], [['1', '2']]]
2024-08-04 05:49:01 : Generated meta-path set: [[['2', '1'], ['2', '4', '9', '1']], [['1', '2']]]
2024-08-04 05:49:01 : Training User Meta-policy: 2    Val_Acc: 0.71164    Avg_reward: -0.50000    Best_Acc:  0.71164    Best_i: 1 
2024-08-04 05:49:01 : Training Meta-policy on Validation Set
2024-08-04 05:49:01 : Eval Step: 6
2024-08-04 05:51:58 : Action: 5  Val acc: 0.70836  reward: 0.50000
2024-08-04 05:51:58 : Meta-path Set: [[['2', '1']], [['5', '10'], ['1', '2']]]
2024-08-04 05:51:58 : Eval Step: 6
2024-08-04 05:56:31 : Action: 4  Val acc: 0.70462  reward: -0.01874
2024-08-04 05:56:31 : Meta-path Set: [[['2', '1']], [['5', '10'], ['4', '9'], ['1', '2'], ['1', '2', '4', '9'], ['5', '10', '4', '9']]]
2024-08-04 05:56:31 : Generated meta-path set: [[['2', '1']], [['5', '10'], ['4', '9'], ['1', '2'], ['1', '2', '4', '9'], ['5', '10', '4', '9']]]
2024-08-04 05:56:31 : Training Item Meta-policy: 1    Val_Acc: 0.70462    Avg_reward: -0.01874    Best_Acc:  0.70462    Best_i: 1 
2024-08-04 05:56:31 : Eval Step: 1
2024-08-04 05:58:20 : Action: 4  Val acc: 0.70178  reward: 0.50000
2024-08-04 05:58:20 : Meta-path Set: [[['2', '1']], [['1', '2', '4', '9'], ['1', '2'], ['4', '9']]]
2024-08-04 05:58:20 : Eval Step: 2
2024-08-04 06:00:10 : Action: 4  Val acc: 0.69742  reward: -0.02183
2024-08-04 06:00:10 : Meta-path Set: [[['2', '1']], [['4', '9'], ['1', '2', '4', '9'], ['1', '2'], ['4', '9', '4', '9']]]
2024-08-04 06:00:10 : Generated meta-path set: [[['2', '1']], [['4', '9'], ['1', '2', '4', '9'], ['1', '2'], ['4', '9', '4', '9']]]
2024-08-04 06:00:10 : Training Item Meta-policy: 2    Val_Acc: 0.69742    Avg_reward: -0.02183    Best_Acc:  0.70462    Best_i: 1 
2024-08-04 06:00:10 : Training GNNs with learned meta-policy. Evaluate NDCG10
2024-08-04 06:00:10 : Action: 4  Val acc: 0.00000  reward: -0.50000
2024-08-04 06:00:10 : Meta-path Set: [[['2', '1'], ['2', '4', '9', '1']], [['1', '2']]]
2024-08-04 06:00:10 : Meta-path set: [[['2', '1'], ['2', '4', '9', '1']], [['1', '2']]]
2024-08-04 06:00:15 : Action: 4  Val acc: 0.00000  reward: 0.00000
2024-08-04 06:00:15 : Meta-path Set: [[['2', '1'], ['2', '4', '9', '1']], [['1', '2', '4', '9'], ['1', '2'], ['4', '9']]]
2024-08-04 06:00:15 : Meta-path set: [[['2', '1'], ['2', '4', '9', '1']], [['1', '2', '4', '9'], ['1', '2'], ['4', '9']]]
2024-08-04 06:01:50 : Action: 2  Val acc: 0.00000  reward: -0.50000
2024-08-04 06:01:50 : Meta-path Set: [[['2', '1'], ['2', '4', '9', '1']], [['1', '2', '4', '9'], ['1', '2'], ['4', '9']]]
2024-08-04 06:01:50 : Meta-path set: [[['2', '1'], ['2', '4', '9', '1']], [['1', '2', '4', '9'], ['1', '2'], ['4', '9']]]
2024-08-04 06:03:10 : Action: 2  Val acc: 0.00000  reward: -0.50000
2024-08-04 06:03:10 : Meta-path Set: [[['2', '1'], ['2', '4', '9', '1']], [['1', '2', '4', '9'], ['1', '2'], ['4', '9']]]
2024-08-04 06:03:10 : Meta-path set: [[['2', '1'], ['2', '4', '9', '1']], [['1', '2', '4', '9'], ['1', '2'], ['4', '9']]]
2024-08-04 06:03:11 : Start testing meta-path set generated by RL agent
2024-08-04 06:03:11 : Generated meta-path set: [[['2', '1'], ['2', '4', '9', '1']], [['1', '2', '4', '9'], ['1', '2'], ['4', '9']]]
2024-08-04 06:08:46 : HR1 : 0.0041, HR3 : 0.0149, HR10 : 0.0477, HR20 : 0.0810, NDCG10 : 0.0216, NDCG20 : 0.0299
2024-08-04 06:08:46 : Best Accuracy: 0.02159	Best_i : 0
2024-08-04 06:11:40 : HR1 : 0.0648, HR3 : 0.1527, HR10 : 0.3325, HR20 : 0.4819, NDCG10 : 0.1787, NDCG20 : 0.2163
2024-08-04 06:11:40 : Best Accuracy: 0.17871	Best_i : 1
2024-08-04 06:14:34 : HR1 : 0.0671, HR3 : 0.1535, HR10 : 0.3252, HR20 : 0.4671, NDCG10 : 0.1774, NDCG20 : 0.2130
2024-08-04 06:14:34 : Best Accuracy: 0.17871	Best_i : 1
2024-08-04 06:17:28 : HR1 : 0.0677, HR3 : 0.1549, HR10 : 0.3334, HR20 : 0.4824, NDCG10 : 0.1808, NDCG20 : 0.2183
2024-08-04 06:17:28 : Best Accuracy: 0.18077	Best_i : 3
2024-08-04 06:20:23 : HR1 : 0.0642, HR3 : 0.1540, HR10 : 0.3470, HR20 : 0.5008, NDCG10 : 0.1835, NDCG20 : 0.2222
2024-08-04 06:20:23 : Best Accuracy: 0.18348	Best_i : 4
2024-08-04 06:23:18 : HR1 : 0.0686, HR3 : 0.1611, HR10 : 0.3506, HR20 : 0.5034, NDCG10 : 0.1885, NDCG20 : 0.2270
2024-08-04 06:23:18 : Best Accuracy: 0.18854	Best_i : 5
2024-08-04 06:26:13 : HR1 : 0.0722, HR3 : 0.1655, HR10 : 0.3579, HR20 : 0.5137, NDCG10 : 0.1935, NDCG20 : 0.2327
2024-08-04 06:26:13 : Best Accuracy: 0.19350	Best_i : 6
2024-08-04 06:29:09 : HR1 : 0.0795, HR3 : 0.1784, HR10 : 0.3742, HR20 : 0.5342, NDCG10 : 0.2055, NDCG20 : 0.2459
2024-08-04 06:29:09 : Best Accuracy: 0.20553	Best_i : 7
2024-08-04 06:32:05 : HR1 : 0.0821, HR3 : 0.1837, HR10 : 0.3841, HR20 : 0.5440, NDCG10 : 0.2113, NDCG20 : 0.2517
2024-08-04 06:32:05 : Best Accuracy: 0.21129	Best_i : 8
2024-08-04 06:35:02 : HR1 : 0.0825, HR3 : 0.1871, HR10 : 0.3966, HR20 : 0.5556, NDCG10 : 0.2165, NDCG20 : 0.2566
2024-08-04 06:35:02 : Best Accuracy: 0.21648	Best_i : 9
2024-08-04 06:37:59 : HR1 : 0.0864, HR3 : 0.1929, HR10 : 0.3990, HR20 : 0.5576, NDCG10 : 0.2203, NDCG20 : 0.2603
2024-08-04 06:37:59 : Best Accuracy: 0.22032	Best_i : 10
2024-08-04 06:40:56 : HR1 : 0.0874, HR3 : 0.1944, HR10 : 0.4023, HR20 : 0.5632, NDCG10 : 0.2223, NDCG20 : 0.2629
2024-08-04 06:40:56 : Best Accuracy: 0.22233	Best_i : 11
2024-08-04 06:43:54 : HR1 : 0.0879, HR3 : 0.1979, HR10 : 0.4091, HR20 : 0.5678, NDCG10 : 0.2259, NDCG20 : 0.2659
2024-08-04 06:43:54 : Best Accuracy: 0.22591	Best_i : 12
2024-08-04 06:46:53 : HR1 : 0.0885, HR3 : 0.1979, HR10 : 0.4089, HR20 : 0.5709, NDCG10 : 0.2258, NDCG20 : 0.2666
2024-08-04 06:46:53 : Best Accuracy: 0.22591	Best_i : 12
2024-08-04 06:49:51 : HR1 : 0.0901, HR3 : 0.2030, HR10 : 0.4140, HR20 : 0.5743, NDCG10 : 0.2295, NDCG20 : 0.2700
2024-08-04 06:49:51 : Best Accuracy: 0.22950	Best_i : 14
2024-08-04 06:52:49 : HR1 : 0.0905, HR3 : 0.2040, HR10 : 0.4174, HR20 : 0.5767, NDCG10 : 0.2311, NDCG20 : 0.2712
2024-08-04 06:52:49 : Best Accuracy: 0.23106	Best_i : 15
2024-08-04 06:55:46 : HR1 : 0.0906, HR3 : 0.2011, HR10 : 0.4129, HR20 : 0.5703, NDCG10 : 0.2290, NDCG20 : 0.2688
2024-08-04 06:55:46 : Best Accuracy: 0.23106	Best_i : 15
2024-08-04 06:58:45 : HR1 : 0.0915, HR3 : 0.2035, HR10 : 0.4171, HR20 : 0.5792, NDCG10 : 0.2316, NDCG20 : 0.2725
2024-08-04 06:58:45 : Best Accuracy: 0.23156	Best_i : 17
2024-08-04 07:01:43 : HR1 : 0.0899, HR3 : 0.2016, HR10 : 0.4141, HR20 : 0.5732, NDCG10 : 0.2293, NDCG20 : 0.2694
2024-08-04 07:01:43 : Best Accuracy: 0.23156	Best_i : 17
2024-08-04 07:04:42 : HR1 : 0.0897, HR3 : 0.1986, HR10 : 0.4124, HR20 : 0.5732, NDCG10 : 0.2279, NDCG20 : 0.2685
2024-08-04 07:04:42 : Best Accuracy: 0.23156	Best_i : 17
2024-08-04 07:07:39 : HR1 : 0.0890, HR3 : 0.1985, HR10 : 0.4021, HR20 : 0.5600, NDCG10 : 0.2239, NDCG20 : 0.2637
2024-08-04 07:07:39 : Best Accuracy: 0.23156	Best_i : 17
2024-08-04 07:10:39 : HR1 : 0.0905, HR3 : 0.2053, HR10 : 0.4158, HR20 : 0.5721, NDCG10 : 0.2311, NDCG20 : 0.2705
2024-08-04 07:10:39 : Best Accuracy: 0.23156	Best_i : 17
2024-08-04 07:13:37 : HR1 : 0.0941, HR3 : 0.2084, HR10 : 0.4245, HR20 : 0.5818, NDCG10 : 0.2361, NDCG20 : 0.2758
2024-08-04 07:13:37 : Best Accuracy: 0.23611	Best_i : 22
2024-08-04 07:16:39 : HR1 : 0.0943, HR3 : 0.2063, HR10 : 0.4186, HR20 : 0.5779, NDCG10 : 0.2340, NDCG20 : 0.2742
2024-08-04 07:16:39 : Best Accuracy: 0.23611	Best_i : 22
2024-08-04 07:19:49 : HR1 : 0.0921, HR3 : 0.2050, HR10 : 0.4168, HR20 : 0.5759, NDCG10 : 0.2320, NDCG20 : 0.2721
2024-08-04 07:19:49 : Best Accuracy: 0.23611	Best_i : 22
2024-08-04 07:22:53 : HR1 : 0.0946, HR3 : 0.2092, HR10 : 0.4204, HR20 : 0.5794, NDCG10 : 0.2353, NDCG20 : 0.2753
2024-08-04 07:22:53 : Best Accuracy: 0.23611	Best_i : 22
2024-08-04 07:25:51 : HR1 : 0.0978, HR3 : 0.2100, HR10 : 0.4213, HR20 : 0.5785, NDCG10 : 0.2372, NDCG20 : 0.2769
2024-08-04 07:25:51 : Best Accuracy: 0.23721	Best_i : 26
2024-08-04 07:28:51 : HR1 : 0.0925, HR3 : 0.2065, HR10 : 0.4176, HR20 : 0.5750, NDCG10 : 0.2327, NDCG20 : 0.2724
2024-08-04 07:28:51 : Best Accuracy: 0.23721	Best_i : 26
2024-08-04 07:31:50 : HR1 : 0.0943, HR3 : 0.2053, HR10 : 0.4165, HR20 : 0.5764, NDCG10 : 0.2329, NDCG20 : 0.2732
2024-08-04 07:31:50 : Best Accuracy: 0.23721	Best_i : 26
2024-08-04 07:34:48 : HR1 : 0.0911, HR3 : 0.2023, HR10 : 0.4146, HR20 : 0.5743, NDCG10 : 0.2302, NDCG20 : 0.2705
2024-08-04 07:34:48 : Best Accuracy: 0.23721	Best_i : 26
2024-08-04 07:37:46 : HR1 : 0.0956, HR3 : 0.2105, HR10 : 0.4229, HR20 : 0.5811, NDCG10 : 0.2370, NDCG20 : 0.2769
2024-08-04 07:37:46 : Best Accuracy: 0.23721	Best_i : 26
2024-08-04 07:40:44 : HR1 : 0.0955, HR3 : 0.2091, HR10 : 0.4222, HR20 : 0.5802, NDCG10 : 0.2365, NDCG20 : 0.2764
2024-08-04 07:40:44 : Best Accuracy: 0.23721	Best_i : 26
2024-08-04 07:43:44 : HR1 : 0.0958, HR3 : 0.2093, HR10 : 0.4213, HR20 : 0.5791, NDCG10 : 0.2362, NDCG20 : 0.2760
2024-08-04 07:43:44 : Best Accuracy: 0.23721	Best_i : 26
2024-08-04 07:46:41 : HR1 : 0.0949, HR3 : 0.2073, HR10 : 0.4206, HR20 : 0.5804, NDCG10 : 0.2348, NDCG20 : 0.2751
2024-08-04 07:46:41 : Best Accuracy: 0.23721	Best_i : 26
2024-08-04 07:49:41 : HR1 : 0.0962, HR3 : 0.2115, HR10 : 0.4242, HR20 : 0.5842, NDCG10 : 0.2379, NDCG20 : 0.2782
2024-08-04 07:49:41 : Best Accuracy: 0.23786	Best_i : 34
2024-08-04 07:52:41 : HR1 : 0.0941, HR3 : 0.2068, HR10 : 0.4166, HR20 : 0.5763, NDCG10 : 0.2332, NDCG20 : 0.2735
2024-08-04 07:52:41 : Best Accuracy: 0.23786	Best_i : 34
2024-08-04 07:55:39 : HR1 : 0.0943, HR3 : 0.2089, HR10 : 0.4255, HR20 : 0.5828, NDCG10 : 0.2370, NDCG20 : 0.2767
2024-08-04 07:55:39 : Best Accuracy: 0.23786	Best_i : 34
2024-08-04 07:58:39 : HR1 : 0.0967, HR3 : 0.2118, HR10 : 0.4245, HR20 : 0.5817, NDCG10 : 0.2382, NDCG20 : 0.2778
2024-08-04 07:58:39 : Best Accuracy: 0.23816	Best_i : 37
2024-08-04 08:01:38 : HR1 : 0.0983, HR3 : 0.2112, HR10 : 0.4241, HR20 : 0.5817, NDCG10 : 0.2383, NDCG20 : 0.2781
2024-08-04 08:01:38 : Best Accuracy: 0.23834	Best_i : 38
2024-08-04 08:04:36 : HR1 : 0.0893, HR3 : 0.2030, HR10 : 0.4183, HR20 : 0.5786, NDCG10 : 0.2307, NDCG20 : 0.2712
2024-08-04 08:04:36 : Best Accuracy: 0.23834	Best_i : 38
2024-08-04 08:07:35 : HR1 : 0.0946, HR3 : 0.2076, HR10 : 0.4196, HR20 : 0.5776, NDCG10 : 0.2346, NDCG20 : 0.2745
2024-08-04 08:07:35 : Best Accuracy: 0.23834	Best_i : 38
2024-08-04 08:10:33 : HR1 : 0.0971, HR3 : 0.2114, HR10 : 0.4222, HR20 : 0.5809, NDCG10 : 0.2374, NDCG20 : 0.2774
2024-08-04 08:10:33 : Best Accuracy: 0.23834	Best_i : 38
2024-08-04 08:13:32 : HR1 : 0.0954, HR3 : 0.2124, HR10 : 0.4267, HR20 : 0.5846, NDCG10 : 0.2386, NDCG20 : 0.2784
2024-08-04 08:13:32 : Best Accuracy: 0.23855	Best_i : 42
2024-08-04 08:16:31 : HR1 : 0.0961, HR3 : 0.2094, HR10 : 0.4250, HR20 : 0.5822, NDCG10 : 0.2376, NDCG20 : 0.2772
2024-08-04 08:16:31 : Best Accuracy: 0.23855	Best_i : 42
2024-08-04 08:19:30 : HR1 : 0.0934, HR3 : 0.2067, HR10 : 0.4188, HR20 : 0.5783, NDCG10 : 0.2336, NDCG20 : 0.2738
2024-08-04 08:19:30 : Best Accuracy: 0.23855	Best_i : 42
2024-08-04 08:22:32 : HR1 : 0.0928, HR3 : 0.2047, HR10 : 0.4181, HR20 : 0.5773, NDCG10 : 0.2327, NDCG20 : 0.2728
2024-08-04 08:22:32 : Best Accuracy: 0.23855	Best_i : 42
2024-08-04 08:25:44 : HR1 : 0.0926, HR3 : 0.2109, HR10 : 0.4250, HR20 : 0.5838, NDCG10 : 0.2365, NDCG20 : 0.2765
2024-08-04 08:25:44 : Best Accuracy: 0.23855	Best_i : 42
2024-08-04 08:28:57 : HR1 : 0.0975, HR3 : 0.2136, HR10 : 0.4274, HR20 : 0.5849, NDCG10 : 0.2398, NDCG20 : 0.2796
2024-08-04 08:28:57 : Best Accuracy: 0.23981	Best_i : 47
2024-08-04 08:32:02 : HR1 : 0.0902, HR3 : 0.2024, HR10 : 0.4160, HR20 : 0.5741, NDCG10 : 0.2303, NDCG20 : 0.2702
2024-08-04 08:32:02 : Best Accuracy: 0.23981	Best_i : 47
2024-08-04 08:35:02 : HR1 : 0.0916, HR3 : 0.2042, HR10 : 0.4185, HR20 : 0.5793, NDCG10 : 0.2322, NDCG20 : 0.2728
2024-08-04 08:35:02 : Best Accuracy: 0.23981	Best_i : 47
2024-08-04 08:38:03 : HR1 : 0.0969, HR3 : 0.2132, HR10 : 0.4284, HR20 : 0.5870, NDCG10 : 0.2400, NDCG20 : 0.2800
2024-08-04 08:38:03 : Best Accuracy: 0.24004	Best_i : 50
2024-08-04 08:41:05 : HR1 : 0.0928, HR3 : 0.2054, HR10 : 0.4201, HR20 : 0.5800, NDCG10 : 0.2335, NDCG20 : 0.2739
2024-08-04 08:41:05 : Best Accuracy: 0.24004	Best_i : 50
2024-08-04 08:44:08 : HR1 : 0.0923, HR3 : 0.2041, HR10 : 0.4174, HR20 : 0.5764, NDCG10 : 0.2320, NDCG20 : 0.2721
2024-08-04 08:44:08 : Best Accuracy: 0.24004	Best_i : 50
2024-08-04 08:47:11 : HR1 : 0.0989, HR3 : 0.2124, HR10 : 0.4303, HR20 : 0.5873, NDCG10 : 0.2414, NDCG20 : 0.2810
2024-08-04 08:47:11 : Best Accuracy: 0.24140	Best_i : 53
2024-08-04 08:50:15 : HR1 : 0.0909, HR3 : 0.2043, HR10 : 0.4199, HR20 : 0.5780, NDCG10 : 0.2325, NDCG20 : 0.2723
2024-08-04 08:50:15 : Best Accuracy: 0.24140	Best_i : 53
2024-08-04 08:53:42 : HR1 : 0.0957, HR3 : 0.2066, HR10 : 0.4205, HR20 : 0.5796, NDCG10 : 0.2353, NDCG20 : 0.2754
2024-08-04 08:53:42 : Best Accuracy: 0.24140	Best_i : 53
2024-08-04 08:56:52 : HR1 : 0.0965, HR3 : 0.2129, HR10 : 0.4267, HR20 : 0.5833, NDCG10 : 0.2390, NDCG20 : 0.2785
2024-08-04 08:56:52 : Best Accuracy: 0.24140	Best_i : 53
2024-08-04 09:00:01 : HR1 : 0.0957, HR3 : 0.2090, HR10 : 0.4237, HR20 : 0.5819, NDCG10 : 0.2369, NDCG20 : 0.2768
2024-08-04 09:00:01 : Best Accuracy: 0.24140	Best_i : 53
2024-08-04 09:03:27 : HR1 : 0.0964, HR3 : 0.2137, HR10 : 0.4266, HR20 : 0.5839, NDCG10 : 0.2392, NDCG20 : 0.2789
2024-08-04 09:03:27 : Best Accuracy: 0.24140	Best_i : 53
2024-08-04 09:06:34 : HR1 : 0.0961, HR3 : 0.2109, HR10 : 0.4248, HR20 : 0.5833, NDCG10 : 0.2379, NDCG20 : 0.2779
2024-08-04 09:06:34 : Best Accuracy: 0.24140	Best_i : 53
2024-08-04 09:09:40 : HR1 : 0.0995, HR3 : 0.2147, HR10 : 0.4291, HR20 : 0.5866, NDCG10 : 0.2416, NDCG20 : 0.2814
2024-08-04 09:09:40 : Best Accuracy: 0.24165	Best_i : 60
2024-08-04 09:12:46 : HR1 : 0.0977, HR3 : 0.2134, HR10 : 0.4277, HR20 : 0.5852, NDCG10 : 0.2401, NDCG20 : 0.2799
2024-08-04 09:12:46 : Best Accuracy: 0.24165	Best_i : 60
2024-08-04 09:15:56 : HR1 : 0.0961, HR3 : 0.2093, HR10 : 0.4266, HR20 : 0.5830, NDCG10 : 0.2381, NDCG20 : 0.2776
2024-08-04 09:15:56 : Best Accuracy: 0.24165	Best_i : 60
2024-08-04 09:19:03 : HR1 : 0.0990, HR3 : 0.2137, HR10 : 0.4258, HR20 : 0.5841, NDCG10 : 0.2399, NDCG20 : 0.2798
2024-08-04 09:19:03 : Best Accuracy: 0.24165	Best_i : 60
2024-08-04 09:22:28 : HR1 : 0.0922, HR3 : 0.2079, HR10 : 0.4246, HR20 : 0.5843, NDCG10 : 0.2353, NDCG20 : 0.2756
2024-08-04 09:22:28 : Best Accuracy: 0.24165	Best_i : 60
2024-08-04 09:25:36 : HR1 : 0.0968, HR3 : 0.2114, HR10 : 0.4244, HR20 : 0.5821, NDCG10 : 0.2382, NDCG20 : 0.2780
2024-08-04 09:25:36 : Best Accuracy: 0.24165	Best_i : 60
2024-08-04 09:28:51 : HR1 : 0.0976, HR3 : 0.2132, HR10 : 0.4268, HR20 : 0.5853, NDCG10 : 0.2398, NDCG20 : 0.2798
2024-08-04 09:28:51 : Best Accuracy: 0.24165	Best_i : 60
2024-08-04 09:32:13 : HR1 : 0.0962, HR3 : 0.2115, HR10 : 0.4279, HR20 : 0.5842, NDCG10 : 0.2389, NDCG20 : 0.2783
2024-08-04 09:32:13 : Best Accuracy: 0.24165	Best_i : 60
2024-08-04 09:35:35 : HR1 : 0.0889, HR3 : 0.2005, HR10 : 0.4151, HR20 : 0.5737, NDCG10 : 0.2288, NDCG20 : 0.2688
2024-08-04 09:35:35 : Best Accuracy: 0.24165	Best_i : 60
2024-08-04 09:38:44 : HR1 : 0.0935, HR3 : 0.2082, HR10 : 0.4215, HR20 : 0.5797, NDCG10 : 0.2348, NDCG20 : 0.2748
2024-08-04 09:38:44 : Best Accuracy: 0.24165	Best_i : 60
2024-08-04 09:41:54 : HR1 : 0.0943, HR3 : 0.2078, HR10 : 0.4217, HR20 : 0.5802, NDCG10 : 0.2350, NDCG20 : 0.2750
2024-08-04 09:41:54 : Best Accuracy: 0.24165	Best_i : 60
2024-08-04 09:45:01 : HR1 : 0.0982, HR3 : 0.2117, HR10 : 0.4238, HR20 : 0.5799, NDCG10 : 0.2385, NDCG20 : 0.2779
2024-08-04 09:45:01 : Best Accuracy: 0.24165	Best_i : 60
2024-08-04 09:48:08 : HR1 : 0.0945, HR3 : 0.2091, HR10 : 0.4237, HR20 : 0.5826, NDCG10 : 0.2366, NDCG20 : 0.2767
2024-08-04 09:48:08 : Best Accuracy: 0.24165	Best_i : 60
2024-08-04 09:51:25 : HR1 : 0.0951, HR3 : 0.2099, HR10 : 0.4245, HR20 : 0.5812, NDCG10 : 0.2372, NDCG20 : 0.2767
2024-08-04 09:51:25 : Best Accuracy: 0.24165	Best_i : 60
2024-08-04 09:54:42 : HR1 : 0.0932, HR3 : 0.2068, HR10 : 0.4226, HR20 : 0.5818, NDCG10 : 0.2348, NDCG20 : 0.2749
2024-08-04 09:54:42 : Best Accuracy: 0.24165	Best_i : 60
2024-08-04 09:58:02 : HR1 : 0.0979, HR3 : 0.2121, HR10 : 0.4262, HR20 : 0.5840, NDCG10 : 0.2391, NDCG20 : 0.2789
2024-08-04 09:58:02 : Best Accuracy: 0.24165	Best_i : 60
2024-08-04 10:01:09 : HR1 : 0.0884, HR3 : 0.2020, HR10 : 0.4168, HR20 : 0.5792, NDCG10 : 0.2295, NDCG20 : 0.2705
2024-08-04 10:01:09 : Best Accuracy: 0.24165	Best_i : 60
2024-08-04 10:04:18 : HR1 : 0.0935, HR3 : 0.2084, HR10 : 0.4218, HR20 : 0.5817, NDCG10 : 0.2352, NDCG20 : 0.2755
2024-08-04 10:04:18 : Best Accuracy: 0.24165	Best_i : 60
2024-08-04 10:07:26 : HR1 : 0.0958, HR3 : 0.2094, HR10 : 0.4199, HR20 : 0.5777, NDCG10 : 0.2357, NDCG20 : 0.2755
2024-08-04 10:07:26 : Best Accuracy: 0.24165	Best_i : 60
2024-08-04 10:10:34 : HR1 : 0.0899, HR3 : 0.2028, HR10 : 0.4152, HR20 : 0.5748, NDCG10 : 0.2299, NDCG20 : 0.2701
2024-08-04 10:10:34 : Best Accuracy: 0.24165	Best_i : 60
2024-08-04 10:13:40 : HR1 : 0.0951, HR3 : 0.2105, HR10 : 0.4219, HR20 : 0.5804, NDCG10 : 0.2362, NDCG20 : 0.2762
2024-08-04 10:13:40 : Best Accuracy: 0.24165	Best_i : 60
2024-08-04 10:16:46 : HR1 : 0.0883, HR3 : 0.1993, HR10 : 0.4151, HR20 : 0.5760, NDCG10 : 0.2286, NDCG20 : 0.2692
2024-08-04 10:16:46 : Best Accuracy: 0.24165	Best_i : 60
